[RUST] init_context(context=0x57960dc422e0)
[RUST] register_device_io(context=0x57960dc422e0, send=0xd07fd490, recv=0xd07fd5d0)
[RUST] register_transport(context=0x57960dc422e0, max=4096, hdr=0, tail=0, encode=0xd07fde10, decode=0xd07fda30)
[RUST]   stored transport_decode=0x5795d07fda30 (verified)
[RUST] register_buffer(context=0x57960dc422e0, sender_sz=4096, recv_sz=4096, acq_send=0x5795d07fccc0, rel_send=0x5795d07fcce0, acq_recv=0x5795d07fdcd0, rel_recv=0x5795d07fdcc0)
[RUST] get_scratch_buffer_size() -> 4096
[RUST] set_scratch_buffer(context=0x57960dc422e0, buf=0x57960dc392e0, size=4096)
[RUST] check_context(context=0x57960dc422e0) -> state=0
[RUST] set_data(context=0x57960dc422e0, type=0, data=0x753bf5532de6, size=2)
[RUST]   set spdm_version=0x1200
[RUST] set_data(context=0x57960dc422e0, type=1, data=0x753bf5532de8, size=2)
[RUST]   set secured_version=0x1100
[RUST] set_data(context=0x57960dc422e0, type=3, data=0x753bf5532de5, size=1)
[RUST]   set ct_exponent=20
[RUST] set_data(context=0x57960dc422e0, type=2, data=0x753bf5532dec, size=4)
[RUST]   set cap_flags=0x82c2
[RUST] set_data(context=0x57960dc422e0, type=8, data=0x753bf5532de5, size=1)
[RUST]   set meas_spec=0x120001
[RUST] set_data(context=0x57960dc422e0, type=16, data=0x753bf5532de5, size=1)
[RUST]   set other_params=0x120002
[RUST] set_data(context=0x57960dc422e0, type=10, data=0x753bf5532dec, size=4)
[RUST]   set base_asym=0x94
[RUST] set_data(context=0x57960dc422e0, type=11, data=0x753bf5532dec, size=4)
[RUST]   set base_hash=0x3
[RUST] set_data(context=0x57960dc422e0, type=12, data=0x753bf5532dea, size=2)
[RUST]   set dhe=0x30018
[RUST] set_data(context=0x57960dc422e0, type=13, data=0x753bf5532dea, size=2)
[RUST]   set aead=0x30003
[RUST] set_data(context=0x57960dc422e0, type=15, data=0x753bf5532dea, size=2)
[RUST]   set key_schedule=0x30001
[RUST] set_data(context=0x57960dc422e0, type=14, data=0x753bf5532dea, size=2)
[RUST]   set req_base_asym=0x3000f
[RUST] register_verify_cert(context=0x57960dc422e0, func=0xd07fccf0)
[EL0_APP] func_id=2 session_id=0x0
[RUST] init_connection(context=0xdc422e0) - START
[RUST]   send=0xd07fd490, recv=0xd07fd5d0, acq_send=0xd07fccc0, acq_recv=0xd07fdcd0
[RUST] call_acquire_sender(func=0xd07fccc0)
[RUST]   acquire_sender ret=0, buf=0xdc382e0
[RUST]   using SPDM version 0x10 for GET_VERSION
[RUST]   sending GET_VERSION: 10 84 00 00
[RUST] call_send(func=0xd07fd490, buf=0xdc382e0, size=4)
[C_DEBUG] SEND_YIELD: flags=0x4 RSP_CACHE=0 REQ_SEND=1 protocol=0 is_sspdm=0
[RUST]   send ret=0, context=0xdc422e0
[RUST]   send returned 0
[RUST]   saved request bytes for message_a: 10 84 00 00
[RUST] call_acquire_receiver(func=0xd07fdcd0)
[RUST-ACQ-RECV] func=0x5795d07fdcd0 context=0x57960dc422e0
[RUST-ACQ-RECV] ret=0 buf=0x57960dc382e0
[RUST]   acquire_receiver ret=0, buf=0xdc382e0
[RUST] call_recv(func=0xd07fd5d0)
[C_RECV] ENTRY: resp_len=16 status=1 response=0x57960dc382e0 send_recv_buf=0x57960dc382e0
[C_RECV] BEFORE_SERVICE_CALL: buf_offset=0 resp_addr=0x5666aaa17000 resp_len_align=16
[C_RECV] AFTER_SERVICE_CALL: rc=0
[RUST] recv ret=0, size=16
Registering app: id=103, filename='/home/lmm/code/tf-rmm/build/Release/rmm_app_random.elf'
Registering app: id=211, filename='/home/lmm/code/tf-rmm/build/Release/rmm_app_attestation.elf'
Registering app: id=110, filename='/home/lmm/code/tf-rmm/build/Release/rmm_app_dev_assign.elf'
Launched SPDM responder (pid 721618)
Dynamic VA pool base address: 0x48000000000
Reserved 9 pages. Remaining: 1791 pages
Reserve mem: 9 pages at PA: 0x5666aa2e2000 (alignment 0x1000)
Static Low VA initialized. xlat tables allocated: 9 used: 5
Reserved 514 pages. Remaining: 1277 pages
Reserve mem: 514 pages at PA: 0x5666aa2eb000 (alignment 0x1000)
dyn_va_ctx: base_va=0x48000000000 base_level=1 max_va_size=0x8000000000
Dynamic Low VA initialized. xlat tables allocated: 514 used: 514
Booting RMM v.0.8.0(release) 98bf28c-dirty Built: Apr 21 2026 17:12:46 with GCC 13.3.0
RMM-EL3 Interface v.2.0
Boot Manifest Interface v.0.3
RMI ABI revision v2.0
RSI ABI revision v1.1
FIRME version 0x10000 is supported
Reserved 5 pages. Remaining: 1272 pages
Reserve mem: 5 pages at PA: 0x5666aa4ed000 (alignment 0x1000)
xlat_low_va_map: pa=0x5666aa4ed000 size=0x5000 -> va=0x48000000000 (pool_base=0x48000000000)
Reserved 64 pages. Remaining: 1208 pages
Reserve mem: 64 pages at PA: 0x5666aa4f2000 (alignment 0x1000)
xlat_low_va_map: pa=0x5666aa4f2000 size=0x40000 -> va=0x48000005000 (pool_base=0x48000000000)
Reserved 1 pages. Remaining: 1207 pages
Reserve mem: 1 pages at PA: 0x5666aa532000 (alignment 0x1000)
xlat_low_va_map: pa=0x5666aa532000 size=0x1000 -> va=0x48000045000 (pool_base=0x48000000000)
No SMMU list available
Reserved 173 pages. Remaining: 1034 pages
Reserve mem: 173 pages at PA: 0x5666aa533000 (alignment 0x1000)
xlat_low_va_map: pa=0x5666aa533000 size=0xad000 -> va=0x48000046000 (pool_base=0x48000000000)
RMM_MEM_SCRUB_METHOD is default.
RMM warm boot complete. token=5666aa4ed000
[STAGE 0] RMM boot completed
[STAGE 1] host_create_realm_and_activate() - Realm creation and RMM activation
SMC_RMI_VERSION                   20000 > RMI_SUCCESS 20000 20000
RMI Version is 0x20000 : 0x20000
RMI_FEATURES(0) = 0x104130
RMI_FEATURES(1) = 0x142a9
RMI_FEATURES(2) = 0x1
RMI_FEATURES(3) = 0x3
RMI_FEATURES(4) = 0xfffe
SMC_RMI_GRANULE_TRACKING_GET      0 > RMI_SUCCESS 0 1
RMI_GRANULE_TRACKING_GET: category=0x0, tracking=0x1
SMC_RMI_RMM_CONFIG_GET            5666aa9fb000 > RMI_SUCCESS
RMI_RMM_CONFIG_GET succeeded
SMC_RMI_RMM_CONFIG_SET            5666aa9fb000 > RMI_SUCCESS
RMI_RMM_CONFIG_SET succeeded
SMC_RMI_RMM_ACTIVATE              > RMI_SUCCESS
SMC_RMI_REALM_CREATE              5666aa9f5000 5666aa9f9000 > RMI_SUCCESS
SMC_RMI_REC_CREATE                5666aa9f5000 5666aa9f6000 5666aa9f7000 > RMI_INCOMPLETE
      SMC_RMI_OP_MEM_DONATE       0 5666aa9fa000 10 > RMI_INCOMPLETE
      SMC_RMI_OP_CONTINUE         0 0 > RMI_SUCCESS 10 0
SMC_RMI_REALM_ACTIVATE            5666aa9f5000 > RMI_SUCCESS
[STAGE 1 DONE] Realm created, RMM activated
[STAGE 2] host_pdev_probe_and_setup() - PDEV device discovery
SMC_RMI_PDEV_AUX_COUNT            1 > RMI_SUCCESS 1
PDEV create requires 1 aux pages
SMC_RMI_PDEV_CREATE               5666aaa13000 5666aaa1a000 > RMI_SUCCESS
SMC_RMI_PDEV_GET_STATE            5666aaa13000 > RMI_SUCCESS 0
SMC_RMI_PDEV_GET_STATE            5666aaa13000 > RMI_SUCCESS 0
SMC_RMI_PDEV_COMMUNICATE          5666aaa13000 5666aaa15000 > RMI_SUCCESS
[SPDM TX] DOE header: vendor_id=0x1, type=1, len=3
[SPDM TX] Request data: len=4 bytes
0000: 10 84 00 00 
[SPDM RX] DOE header: vendor_id=0x1, type=1, len=6
[SPDM RX] Response data: len=16 bytes
0000: 10 04 00 00 00 04 00 10 00 11 00 12 00 13 00 00 
SMC_RMI_PDEV_GET_STATE            5666aaa13000 > RMI_SUCCESS 0
SMC_RMI_PDEV_COMMUNICATE          5666aaa13000 5666aaa15000 > RMI_SUCCESS
[SPDM TX] DOE header: vendor_id=0x1, type=1, len=7
[SPDM TX] Request data: len=20 bytes
0000: 12 e1 00 00 00 14 00 00 c2 82 00 00 00 10 00 00 
0010: 00 10 00 00 
[SPDM RX] DOE header: vendor_id=0x1, type=1, len=7
[SPDM RX] Response data: len=20 bytes
0000: 12 61 00 00 00 00 00 00 f7 fb 1a 00 00 12 00 00 
0010: 00 12 00 00 
SMC_RMI_PDEV_GET_STATE       [RUST]   recv returned 0, size=16
[RUST]   VERSION actual SPDM size: 14 (DOE padded=16, count=4)
[RUST]   saved VERSION to message_a: req=4, rsp=14, total=18
[RUST] call_release_sender(func=0xd07fcce0, buf=0xdc382e0)
[RUST]   VERSION response OK: code=0x04, count=4
[RUST]   VERSION entries: max 5 possible from size 16
[RUST]   requester supports: major=1 minor=2 (stored=0x1200)
[RUST]   responder entry 0: major=1 minor=0 (entry=0x1000)
[RUST]   responder entry 1: major=1 minor=1 (entry=0x1100)
[RUST]   responder entry 2: major=1 minor=2 (entry=0x1200)
[RUST]   responder entry 3: major=1 minor=3 (entry=0x1300)
[RUST]   responder entry 4: major=0 minor=0 (entry=0x0000)
[RUST]   negotiated_version stored: 0x1200 (major=1, minor=2)
[RUST]   connection_state -> AFTER_VERSION
[RUST] call_acquire_sender(func=0xd07fccc0)
[RUST]   acquire_sender ret=0, buf=0xdc382e0
[RUST]   sending GET_CAPABILITIES: ver=0x12, size=20
[RUST] call_send(func=0xd07fd490, buf=0xdc382e0, size=20)
[C_DEBUG] SEND_YIELD: flags=0x4 RSP_CACHE=0 REQ_SEND=1 protocol=0 is_sspdm=0
[RUST]   send ret=0, context=0xdc422e0
[RUST] call_acquire_receiver(func=0xd07fdcd0)
[RUST-ACQ-RECV] func=0x5795d07fdcd0 context=0x57960dc422e0
[RUST-ACQ-RECV] ret=0 buf=0x57960dc382e0
[RUST]   acquire_receiver ret=0, buf=0xdc382e0
[RUST] call_recv(func=0xd07fd5d0)
[C_RECV] ENTRY: resp_len=20 status=1 response=0x57960dc382e0 send_recv_buf=0x57960dc382e0
[C_RECV] BEFORE_SERVICE_CALL: buf_offset=0 resp_addr=0x5666aaa17000 resp_len_align=24
[C_RECV] AFTER_SERVICE_CALL: rc=0
[RUST] recv ret=0, size=20
[RUST]   saved CAPABILITIES to message_a: req=20, rsp=20, total=58
[RUST] call_release_sender(func=0xd07fcce0, buf=0xdc382e0)
[RUST]   CAPABILITIES response: data_transfer_size=4608, max_msg_size=4608
[RUST] call_acquire_sender(func=0xd07fccc0)
[RUST]   acquire_sender ret=0, buf=0xdc382e0
[RUST]   struct_table DHE: type=2, alg=0x30018
[RUST]   struct_table AEAD: type=3, alg=0x30003
[RUST]   struct_table REQ_BASE_ASYM: type=4, alg=0x3000f
[RUST]   struct_table KEY_SCHEDULE: type=5, alg=0x30001
[RUST]   sending NEGOTIATE_ALGORITHMS: ver=0x12, size=48, tables=4
[RUST]     base_asym=0x94, base_hash=0x3, meas_spec=0x1
[RUST] call_send(func=0xd07fd490, buf=0xdc382e0, size=48)
[C_DEBUG] SEND_YIELD: flags=0x4 RSP_CACHE=0 REQ_SEND=1 protocol=0 is_sspdm=0
[RUST]   send ret=0, context=0xdc422e0
[RUST] call_acquire_receiver(func=0xd07fdcd0)
[RUST-ACQ-RECV] func=0x5795d07fdcd0 context=0x57960dc422e0
[RUST-ACQ-RECV] ret=0 buf=0x57960dc382e0
[RUST]   acquire_receiver ret=0, buf=0xdc382e0
[RUST] call_recv(func=0xd07fd5d0)
[C_RECV] ENTRY: resp_len=52 status=1 response=0x57960dc382e0 send_recv_buf=0x57960dc382e0
[C_RECV] BEFORE_SERVICE_CALL: buf_offset=0 resp_addr=0x5666aaa17000 resp_len_align=56
[C_RECV] AFTER_SERVICE_CALL: rc=0
[RUST] recv ret=0, size=52
[90m[SPDM-EMU] spdm_responder_emu version 0.1[0m
[90m[SPDM-EMU] trans - 0x2[0m
[90m[SPDM-EMU] context_size - 0x3088[0m
[90m[SPDM-EMU] Platform server listening on port 2323[0m
[90m[SPDM-EMU] Platform port Receive command: 00 00 00 01 [0m
[90m[SPDM-EMU] Platform port Receive transport_type: 00 00 00 02 [0m
[90m[SPDM-EMU] Platform port Receive size: 00 00 00 0c [0m
[90m[SPDM-EMU] Platform port Receive buffer:[0m
[90m[SPDM-EMU]     01 00 01 00 03 00 00 00 10 84 00 00 [0m
[90m[SPDM-EMU] SpdmReceiveRequest[.] ...[0m
[90m[SPDM-EMU] SpdmReceiveRequest[0] msg SPDM_GET_VERSION(0x84), size (0x4): [0m
[90m[SPDM-EMU] 0000: 10 84 00 00 [0m
[90m[SPDM-EMU] SpdmSendResponse[0] ...[0m
[90m[SPDM-EMU] SpdmSendResponse[0]: msg SPDM_VERSION(0x4), size (0xe): [0m
[90m[SPDM-EMU] 0000: 10 04 00 00 00 04 00 10 00 11 00 12 00 13 [0m
[90m[SPDM-EMU] Platform port Transmit command: 00 00 00 01 [0m
[90m[SPDM-EMU] Platform port Transmit transport_type: 00 00 00 02 [0m
[90m[SPDM-EMU] Platform port Transmit size: 00 00 00 18 [0m
[90m[SPDM-EMU] Platform port Transmit buffer:[0m
[90m[SPDM-EMU]     01 00 01 00 06 00 00 00 10 04 00 00 00 04 00 10 00 11 00 12 00 13 00 00 [0m
[90m[SPDM-EMU] Platform port Receive command: 00 00 00 01 [0m
[90m[SPDM-EMU] Platform port Receive transport_type: 00 00 00 02 [0m
[90m[SPDM-EMU] Platform port Receive size: 00 00 00 1c [0m
[90m[SPDM-EMU] Platform port Receive buffer:[0m
[90m[SPDM-EMU]     01 00 01 00 07 00 00 00 12 e1 00 00 00 14 00 00 c2 82 00 00 00 10 00 00 00 10 00 00 [0m
[90m[SPDM-EMU] SpdmReceiveRequest[.] ...[0m
[90m[SPDM-EMU] SpdmReceiveRequest[0] msg SPDM_GET_CAPABILITIES(0xe1), size (0x14): [0m
[90m[SPDM-EMU] 0000: 12 e1 00 00 00 14 00 00 c2 82 00 00 00 10 00 00 00 10 00 00 [0m
[90m[SPDM-EMU] SpdmSendResponse[0] ...[0m
[90m[SPDM-EMU] SpdmSendResponse[0]: msg SPDM_CAPABILITIES(0x61), size (0x14): [0m
[90m[SPDM-EMU] 0000: 12 61 00 00 00 00 00 00 f7 fb 1a 00 00 12 00 00 00 12 00 00 [0m
[90m[SPDM-EMU] Platform port Transmit command: 00 00 00 01 [0m
[90m[SPDM-EMU] Platform port Transmit transport_type: 00 00 00 02 [0m
[90m[SPDM-EMU] Platform port Transmit size: 00 00 00 1c [0m
[90m[SPDM-EMU] Platform port Transmit buffer:[0m
[90m[SPDM-EMU]     01 00 01 00 07 00 00 00 12 61 00 00 00 00 00 00 f7 fb 1a 00 00 12 00 00 00 12 00 00 [0m
[90m[SPDM-EMU] Platform port Receive command: 00 00 00 01 [0m
[90m[SPDM-EMU] Platform port Receive transport_type: 00 00 00 02 [0m
[90m[SPDM-EMU] Platform port Receive size: 00 00 00 38 [0m
[90m[SPDM-EMU] Platform port Receive buffer:[0m
[90m[SPDM-EMU]     01 00 01 00 0e 00 00 00 12 e3 04 00 30 00 01 02 94 00 00 00 03 00 00 00 00 00 00 00 00 00 00 00 00 00 00 00 00 00 00 00 02 20 18 00 03 20 03 00 04 20 0f 00 05 20 01 00 [0m
[90m[SPDM-EMU] SpdmReceiveRequest[.] ...[0m
[90m[SPDM-EMU] SpdmReceiveRequest[0] msg SPDM_NEGOTIATE_ALGORITHMS(0xe3), size (0x30): [0m
[90m[SPDM-EMU] 0000: 12 e3 04 00 30 00 01 02 94 00 00 00 03 00 00 00 00 00 00 00 00 00 00 00 00 00 00 00 00 00 00 00 [0m
[90m[SPDM-EMU] 0020: 02 20 18 00 03 20 03 00 04 20 0f 00 05 20 01 00 [0m
[90m[SPDM-EMU] SpdmSendResponse[0] ...[0m
[90m[SPDM-EMU] slot_id - 0[0m
[90m[SPDM-EMU] req_slot_id - 0[0m
[90m[SPDM-EMU] Basic mutual authentication is a deprecated feature.[0m
[90m[SPDM-EMU] SpdmSendResponse[0]: msg SPDM_ALGORITHMS(0x63), size (0x34): [0m
[90m[SPDM-EMU] 0000: 12 63 04 00 34 00 01 02 08 00 00 00 80 00 00 00 02 00 00 00 00 00 00 00 00 00 00 00 00 00 00 00 [0m
[90m[SPDM-EMU] 0020: 00 00 00 00 02 20 10 00 03 20 02 00 04 20 08 00 05 20 01 00 [0m
[90m[SPDM-EMU] Platform port Transmit command: 00 00 00 01 [0m
[90m[SPDM-EMU] Platform port Transmit transport_type: 00 00 00 02 [0m
[90m[SPDM-EMU] Platform port Transmit size: 00 00 00 3c [0m
[90m[SPDM-EMU] Platform port Transmit buffer:[0m
[90m[SPDM-EMU]     01 00 01 00 0f 00 00 00 12 63 04 00 34 00 01 02 08 00 00 00 80 00 00 00 02 00 00 00 00 00 00 00 00 00 00 00 00 00 00 00 00 00 00 00 02 20 10 00 03 20 02 00 04 20 08 00 05 20 01 00 [0m
[90m[SPDM-EMU] Platform port Receive command: 00 00 00 01 [0m
[90m[SPDM-EMU] Platform port Receive transport_type: 00 00 00 02 [0m
[90m[SPDM-EMU] Platform port Receive size: 00 00 00 10 [0m
[90m[SPDM-EMU] Platform port Receive buffer:[0m
[90m[SPDM-EMU]     01 00 01 00 04 00 00 00 12 82 00 00 00 00 00 04 [0m
[90m[SPDM-EMU] SpdmReceiveRequest[.] ...[0m
[90m[SPDM-EMU] SpdmReceiveRequest[0] msg SPDM_GET_CERTIFICATE(0x82), size (0x8): [0m
[90m[SPDM-EMU] 0000: 12 82 00 00 00 00 00 04 [0m
[90m[SPDM-EMU] SpdmSendResponse[0] ...[0m
[90m[SPDM-EMU] SpdmSendResponse[0]: msg SPDM_CERTIFICATE(0x2), size (0x408): [0m
[90m[SPDM-EMU] 0000: 12 02 00 00 00 04 37 02 37 06 00 00 71 0b a5 94 61 1d 3a 37 c9 10 a1 44 38 f6 d9 2e 7d b9 bb aa [0m
[90m[SPDM-EMU] 0020: 6b ab 66 de bc ea b1 cf 23 a3 38 90 73 24 2e 5f 6c e9 f6 7b c9 8a 7f a2 fa 38 46 e2 30 82 01 d4 [0m
[90m[SPDM-EMU] 0040: 30 82 01 5a a0 03 02 01 02 02 14 21 41 dd 4e ec f8 19 62 24 2e 7e d6 ae 64 cb 29 5d c4 90 51 30 [0m
[90m[SPDM-EMU] 0060: 0a 06 08 2a 86 48 ce 3d 04 03 03 30 21 31 1f 30 1d 06 03 55 04 03 0c 16 44 4d 54 46 20 6c 69 62 [0m
[90m[SPDM-EMU] 0080: 73 70 64 6d 20 45 43 50 33 38 34 20 43 41 30 1e 17 0d 32 33 30 34 32 30 30 31 31 33 35 34 5a 17 [0m
[90m[SPDM-EMU] 00a0: 0d 33 33 30 34 31 37 30 31 31 33 35 34 5a 30 21 31 1f 30 1d 06 03 55 04 03 0c 16 44 4d 54 46 20 [0m
[90m[SPDM-EMU] 00c0: 6c 69 62 73 70 64 6d 20 45 43 50 33 38 34 20 43 41 30 76 30 10 06 07 2a 86 48 ce 3d 02 01 06 05 [0m
[90m[SPDM-EMU] 00e0: 2b 81 04 00 22 03 62 00 04 15 1c 0b 41 fb 87 d5 20 e0 7a f8 58 67 ef c0 ed 61 af 58 bf 92 52 33 [0m
[90m[SPDM-EMU] 0100: ae 87 a9 7f 46 8b d4 b6 ef aa 2c 5b 0f 84 19 a0 8c 10 9b 81 4c d7 64 7e 32 6e 02 c5 fc 3d 25 7c [0m
[90m[SPDM-EMU] 0120: a3 bc b5 ca a6 ce 04 11 8d bd ba 19 73 92 98 56 cc 99 24 48 17 ef b2 fb 54 3f f0 31 1d b4 a3 04 [0m
[90m[SPDM-EMU] 0140: ea dc 22 ca c8 9a 2d fd fc a3 53 30 51 30 1d 06 03 55 1d 0e 04 16 04 14 4a e2 a4 0a c0 5d ae a2 [0m
[90m[SPDM-EMU] 0160: 30 aa d0 57 70 d0 51 58 5f 5c a3 52 30 1f 06 03 55 1d 23 04 18 30 16 80 14 4a e2 a4 0a c0 5d ae [0m
[90m[SPDM-EMU] 0180: a2 30 aa d0 57 70 d0 51 58 5f 5c a3 52 30 0f 06 03 55 1d 13 01 01 ff 04 05 30 03 01 01 ff 30 0a [0m
[90m[SPDM-EMU] 01a0: 06 08 2a 86 48 ce 3d 04 03 03 03 68 00 30 65 02 30 2a 32 95 2c ff aa 1f 33 52 6f 6c fd 40 72 ff [0m
[90m[SPDM-EMU] 01c0: 17 89 6e 03 5f bb 42 03 c4 6e 17 86 aa 98 a8 c1 20 12 d9 04 7c 16 ea 1f ae 8a ef 85 11 41 57 df [0m
[90m[SPDM-EMU] 01e0: fc 02 31 00 a8 4c b9 90 4b 2f 6a 4f c2 8e d8 23 ad 81 de 4c 51 50 0b 27 17 8f 46 26 89 3b 9f f9 [0m
[90m[SPDM-EMU] 0200: ce 48 e0 ee 28 fd 3f 06 e1 b3 4d 8f 6c 48 1c 2a 94 a9 d0 de 30 82 01 dc 30 82 01 61 a0 03 02 01 [0m
[90m[SPDM-EMU] 0220: 02 02 01 01 30 0a 06 08 2a 86 48 ce 3d 04 03 03 30 21 31 1f 30 1d 06 03 55 04 03 0c 16 44 4d 54 [0m
[90m[SPDM-EMU] 0240: 46 20 6c 69 62 73 70 64 6d 20 45 43 50 33 38 34 20 43 41 30 1e 17 0d 32 33 30 34 32 30 30 31 31 [0m
[90m[SPDM-EMU] 0260: 34 30 35 5a 17 0d 33 33 30 34 31 37 30 31 31 34 30 35 5a 30 30 31 2e 30 2c 06 03 55 04 03 0c 25 [0m
[90m[SPDM-EMU] 0280: 44 4d 54 46 20 6c 69 62 73 70 64 6d 20 45 43 50 33 38 34 20 69 6e 74 65 72 6d 65 64 69 61 74 65 [0m
[90m[SPDM-EMU] 02a0: 20 63 65 72 74 30 76 30 10 06 07 2a 86 48 ce 3d 02 01 06 05 2b 81 04 00 22 03 62 00 04 31 7d 01 [0m
[90m[SPDM-EMU] 02c0: 41 1a f7 e9 ea 5c 39 1e 37 6a 16 8d 2c 6e d9 7e ea 19 25 c5 97 40 dc ce 39 7f 92 46 cb fb 4b 44 [0m
[90m[SPDM-EMU] 02e0: d8 f7 3d db 47 a6 44 bf 55 77 02 35 d1 37 27 68 a4 e8 04 4e 87 75 8f 59 57 a9 80 b8 b4 3c 97 ca [0m
[90m[SPDM-EMU] 0300: fa 1b 13 a8 50 dc 0d 7a be 13 3d 31 5b fd d8 9f d6 fc aa 27 33 b8 92 5c 5b b8 0c 24 ca a3 5e 30 [0m
[90m[SPDM-EMU] 0320: 5c 30 0c 06 03 55 1d 13 04 05 30 03 01 01 ff 30 0b 06 03 55 1d 0f 04 04 03 02 01 fe 30 1d 06 03 [0m
[90m[SPDM-EMU] 0340: 55 1d 0e 04 16 04 14 00 0f 6f a7 6b 1f 34 03 0e 5a 21 c7 38 eb f1 a5 57 d5 57 cd 30 20 06 03 55 [0m
[90m[SPDM-EMU] 0360: 1d 25 01 01 ff 04 16 30 14 06 08 2b 06 01 05 05 07 03 01 06 08 2b 06 01 05 05 07 03 02 30 0a 06 [0m
[90m[SPDM-EMU] 0380: 08 2a 86 48 ce 3d 04 03 03 03 69 00 30 66 02 31 00 99 03 64 47 66 6c 30 6a b7 9d d3 5a 99 21 68 [0m
[90m[SPDM-EMU] 03a0: ae 09 50 6f eb b4 fd ef 69 0b cf b2 56 4f b6 8f 1f 43 11 0c de f6 fd 77 fd a9 34 25 81 7e 97 64 [0m
[90m[SPDM-EMU] 03c0: 4c 02 31 00 f9 c7 5c 54 3d 43 92 9a 30 3d 61 1a 1e f8 65 51 d4 d5 20 90 d2 85 f0 44 de 40 85 ea [0m
[90m[SPDM-EMU] 03e0: 34 61 dd 6b fe 60 bd 0a c0 db 3d 43 2c ad d4 c4 e9 fa 22 33 30 82 02 47 30 82 01 cc a0 03 02 01 [0m
[90m[SPDM-EMU] 0400: 02 02 01 03 30 0a 06 08 [0m
[90m[SPDM-EMU] Platform port Transmit command: 00 00 00 01 [0m
[90m[SPDM-EMU] Platform port Transmit transport_type: 00 00 00 02 [0m
[90m[SPDM-EMU] Platform port Transmit size: 00 00 04 10 [0m
[90m[SPDM-EMU] Platform port Transmit buffer:[0m
     5666aaa13000 > RMI_SUCCESS 0
SMC_RMI_PDEV_COMMUNICATE          5666aaa13000 5666aaa15000 > RMI_SUCCESS
[SPDM TX] DOE header: vendor_id=0x1, type=1, len=14
[SPDM TX] Request data: len=48 bytes
0000: 12 e3 04 00 30 00 01 02 94 00 00 00 03 00 00 00 
0010: 00 00 00 00 00 00 00 00 00 00 00 00 00 00 00 00 
0020: 02 20 18 00 03 20 03 00 04 20 0f 00 05 20 01 00 
[SPDM RX] DOE header: vendor_id=0x1, type=1, len=15
[SPDM RX] Response data: len=52 bytes
0000: 12 63 04 00 34 00 01 02 08 00 00 00 80 00 00 00 
0010: 02 00 00 00 00 00 00 00 00 00 00 00 00 00 00 00 
0020: 00 00 00 00 02 20 10 00 03 20 02 00 04 20 08 00 
0030: 05 20 01 00 
SMC_RMI_PDEV_GET_STATE            5666aaa13000 > RMI_SUCCESS 0
SMC_RMI_PDEV_COMMUNICATE          5666aaa13000 5666aaa15000 > RMI_SUCCESS
[SPDM TX] DOE header: vendor_id=0x1, type=1, len=4
[SPDM TX] Request data: len=8 bytes
0000: 12 82 00 00 00 00 00 04 
[SPDM RX] DOE header: vendor_id=0x1, type=1, len=260
[SPDM RX] Response data: len=1032 bytes
0000: 12 02 00 00 00 04 37 02 37 06 00 00 71 0b a5 94 
0010: 61 1d 3a 37 c9 10 a1 44 38 f6 d9 2e 7d b9 bb aa 
0020: 6b ab 66 de bc ea b1 cf 23 a3 38 90 73 24 2e 5f 
0030: 6c e9 f6 7b c9 8a 7f a2 fa 38 46 e2 30 82 01 d4 
0040: 30 82 01 5a a0 03 02 01 02 02 14 21 41 dd 4e ec 
0050: f8 19 62 24 2e 7e d6 ae 64 cb 29 5d c4 90 51 30 
0060: 0a 06 08 2a 86 48 ce 3d 04 03 03 30 21 31 1f 30 
0070: 1d 06 03 55 04 03 0c 16 44 4d 54 46 20 6c 69 62 
0080: 73 70 64 6d 20 45 43 50 33 38 34 20 43 41 30 1e 
0090: 17 0d 32 33 30 34 32 30 30 31 31 33 35 34 5a 17 
00a0: 0d 33 33 30 34 31 37 30 31 31 33 35 34 5a 30 21 
00b0: 31 1f 30 1d 06 03 55 04 03 0c 16 44 4d 54 46 20 
00c0: 6c 69 62 73 70 64 6d 20 45 43 50 33 38 34 20 43 
00d0: 41 30 76 30 10 06 07 2a 86 48 ce 3d 02 01 06 05 
00e0: 2b 81 04 00 22 03 62 00 04 15 1c 0b 41 fb 87 d5 
00f0: 20 e0 7a f8 58 67 ef c0 ed 61 af 58 bf 92 52 33 
0100: ae 87 a9 7f 46 8b d4 b6 ef aa 2c 5b 0f 84 19 a0 
0110: 8c 10 9b 81 4c d7 64 7e 32 6e 02 c5 fc 3d 25 7c 
0120: a3 bc b5 ca a6 ce 04 11 8d bd ba 19 73 92 98 56 
0130: cc 99 24 48 17 ef b2 fb 54 3f f0 31 1d b4 a3 04 
0140: ea dc 22 ca c8 9a 2d fd fc a3 53 30 51 30 1d 06 
0150: 03 55 1d 0e 04 16 04 14 4a e2 a4 0a c0 5d ae a2 
0160: 30 aa d0 57 70 d0 51 58 5f 5c a3 52 30 1f 06 03 
0170: 55 1d 23 04 18 30 16 80 14 4a e2 a4 0a c0 5d ae 
0180: a2 30 aa d0 57 70 d0 51 58 5f 5c a3 52 30 0f 06 
0190: 03 55 1d 13 01 01 ff 04 05 30 03 01 01 ff 30 0a 
01a0: 06 08 2a 86 48 ce 3d 04 03 03 03 68 00 30 65 02 
01b0: 30 2a 32 95 2c ff aa 1f 33 52 6f 6c fd 40 72 ff 
01c0: 17 89 6e 03 5f bb 42 03 c4 6e 17 86 aa 98 a8 c1 
01d0: 20 12 d9 04 7c 16 ea 1f ae 8a ef 85 11 41 57 df 
01e0: fc 02 31 00 a8 4c b9 90 4b 2f 6a 4f c2 8e d8 23 
01f0: ad 81 de 4c 51 50 0b 27 17 8f 46 26 89 3b 9f f9 
0200: ce 48 e0 ee 28 fd 3f 06 e1 b3 4d 8f 6c 48 1c 2a 
0210: 94 a9 d0 de 30 82 01 dc 30 82 01 61 a0 03 02 01 
0220: 02 02 01 01 30 0a 06 08 2a 86 48 ce 3d 04 03 03 
0230: 30 21 31 1f 30 1d 06 03 55 04 03 0c 16 44 4d 54 
0240: 46 20 6c 69 62 73 70 64 6d 20 45 43 50 33 38 34 
0250: 20 43 41 30 1e 17 0d 32 33 30 34 32 30 30 31 31 
0260: 34 30 35 5a 17 0d 33 33 30 34 31 37 30 31 31 34 
0270: 30 35 5a 30 30 31 2e 30 2c 06 03 55 04 03 0c 25 
0280: 44 4d 54 46 20 6c 69 62 73 70 64 6d 20 45 43 50 
0290: 33 38 34 20 69 6e 74 65 72 6d 65 64 69 61 74 65 
02a0: 20 63 65 72 74 30 76 30 10 06 07 2a 86 48 ce 3d 
02b0: 02 01 06 05 2b 81 04 00 22 03 62 00 04 31 7d 01 
02c0: 41 1a f7 e9 ea 5c 39 1e 37 6a 16 8d 2c 6e d9 7e 
02d0: ea 19 25 c5 97 40 dc ce 39 7f 92 46 cb fb 4b 44 
02e0: d8 f7 3d db 47 a6 44 bf 55 77 02 35 d1 37 27 68 
02f0: a4 e8 04 4e 87 75 8f 59 57 a9 80 b8 b4 3c 97 ca 
0300: fa 1b 13 a8 50 dc 0d 7a be 13 3d 31 5b fd d8 9f 
0310: d6 fc aa 27 33 b8 92 5c 5b b8 0c 24 ca a3 5e 30 
0320: 5c 30 0c 06 03 55 1d 13 04 05 30 03 01 01 ff 30 
0330: 0b 06 03 55 1d 0f 04 04 03 02 01 fe 30 1d 06 03 
0340: 55 1d 0e 04 16 04 14 00 0f 6f a7 6b 1f 34 03 0e 
0350: 5a 21 c7 38 eb f1 a5 57 d5 57 cd 30 20 06 03 55 
0360: 1d 25 01 01 ff 04 16 30 14 06 08 2b 06 01 05 05 
0370: 07 03 01 06 08 2b 06 01 05 05 07 03 02 30 0a 06 
0380: 08 2a 86 48 ce 3d 04 03 03[RUST]   saved ALGORITHMS to message_a: req=48, rsp=52, total=158
[RUST] call_release_sender(func=0xd07fcce0, buf=0xdc382e0)
[RUST]   ALGORITHMS response OK: code=0x63
[RUST]   ALGORITHMS selected: base_asym=0x80, base_hash=0x2
[RUST]   connection_state -> NEGOTIATED
[RUST] init_connection() - SUCCESS
[RUST] get_data(context=0x57960dc422e0, type=5, data=0x753bf5532d84, size=0x753bf5532d88)
[RUST]   get data_transfer_size=4608
[RUST] get_certificate(context=0xdc422e0, slot=0)
[RUST]   max_cert_size=65535, cert_chain=(nil)
[RUST]   Certificate retrieval loop START: max_cert_size=65535
[RUST]   DEBUG: cert_chain param=(nil), cert_chain_size param=0xf5532d88
[RUST]   DEBUG: loop iteration 1 start
[RUST] call_acquire_sender(func=0xd07fccc0)
[RUST]   acquire_sender ret=0, buf=0xdc382e0
[RUST]   === CHUNK 1 START: offset=0, request_len=1024 ===
[RUST]   sending GET_CERTIFICATE: offset=0, length=1024
[RUST] call_send(func=0xd07fd490, buf=0xdc382e0, size=8)
[C_DEBUG] SEND_YIELD: flags=0x4 RSP_CACHE=0 REQ_SEND=1 protocol=0 is_sspdm=0
[RUST]   send ret=0, context=0xdc422e0
[RUST] call_acquire_receiver(func=0xd07fdcd0)
[RUST-ACQ-RECV] func=0x5795d07fdcd0 context=0x57960dc422e0
[RUST-ACQ-RECV] ret=0 buf=0x57960dc382e0
[RUST]   acquire_receiver ret=0, buf=0xdc382e0
[RUST] call_recv(func=0xd07fd5d0)
[C_RECV] ENTRY: resp_len=1032 status=1 response=0x57960dc382e0 send_recv_buf=0x57960dc382e0
[C_RECV] BEFORE_SERVICE_CALL: buf_offset=0 resp_addr=0x5666aaa17000 resp_len_align=1032
[C_RECV] AFTER_SERVICE_CALL: rc=0
[RUST] recv ret=0, size=1032
[RUST] call_release_sender(func=0xd07fcce0, buf=0xdc382e0)
[RUST]   BEFORE call_transport_decode for CERTIFICATE chunk 1
[RUST-DECODE-ENTRY] transport_msg=0x57960dc382e0 transport_size=1032
[RUST-DECODE-FUNC] func_ptr=0x5795d07fda30
[RUST-DECODE-CALL] calling transport_decode callback
[RUST-DECODE-PRE-CALL] calling C callback now
[RUST] get_data(context=0x57960dc422e0, type=11, data=0x753bf5532a8c, size=0x753bf5532a90)
[RUST]   get base_hash=0x2
[RUST] get_hash_size(algo=0x2)
[RUST] get_hash_size(algo=0x2)
[C_DEBUG] cert_chain_offset: hash_algo=0x2 hash_size=48 cert_chain_offset=52
[C_DEBUG] cma_cache_cert: cache_offset=60 cache_len=972 portion=1024 remainder=567
[RUST-DECODE-POST-CALL] callback returned: ret=0 msg_size=1032 msg=0x57960dc382e0
[90m[SPDM-EMU]     01 00 01 00 04 01 00 00 12 02 00 00 00 04 37 02 37 06 00 00 71 0b a5 94 61 1d 3a 37 c9 10 a1 44 38 f6 d9 2e 7d b9 bb aa 6b ab 66 de bc ea b1 cf 23 a3 38 90 73 24 2e 5f 6c e9 f6 7b c9 8a 7f a2 fa 38 46 e2 30 82 01 d4 30 82 01 5a a0 03 02 01 02 02 14 21 41 dd 4e ec f8 19 62 24 2e 7e d6 ae 64 cb 29 5d c4 90 51 30 0a 06 08 2a 86 48 ce 3d 04 03 03 30 21 31 1f 30 1d 06 03 55 04 03 0c 16 44 4d 54 46 20 6c 69 62 73 70 64 6d 20 45 43 50 33 38 34 20 43 41 30 1e 17 0d 32 33 30 34 32 30 30 31 31 33 35 34 5a 17 0d 33 33 30 34 31 37 30 31 31 33 35 34 5a 30 21 31 1f 30 1d 06 03 55 04 03 0c 16 44 4d 54 46 20 6c 69 62 73 70 64 6d 20 45 43 50 33 38 34 20 43 41 30 76 30 10 06 07 2a 86 48 ce 3d 02 01 06 05 2b 81 04 00 22 03 62 00 04 15 1c 0b 41 fb 87 d5 20 e0 7a f8 58 67 ef c0 ed 61 af 58 bf 92 52 33 ae 87 a9 7f 46 8b d4 b6 ef aa 2c 5b 0f 84 19 a0 8c 10 9b 81 4c d7 64 7e 32 6e 02 c5 fc 3d 25 7c a3 bc b5 ca a6 ce 04 11 8d bd ba 19 73 92 98 56 cc 99 24 48 17 ef b2 fb 54 3f f0 31 1d b4 a3 04 ea dc 22 ca c8 9a 2d fd fc a3 53 30 51 30 1d 06 03 55 1d 0e 04 16 04 14 4a e2 a4 0a c0 5d ae a2 30 aa d0 57 70 d0 51 58 5f 5c a3 52 30 1f 06 03 55 1d 23 04 18 30 16 80 14 4a e2 a4 0a c0 5d ae a2 30 aa d0 57 70 d0 51 58 5f 5c a3 52 30 0f 06 03 55 1d 13 01 01 ff 04 05 30 03 01 01 ff 30 0a 06 08 2a 86 48 ce 3d 04 03 03 03 68 00 30 65 02 30 2a 32 95 2c ff aa 1f 33 52 6f 6c fd 40 72 ff 17 89 6e 03 5f bb 42 03 c4 6e 17 86 aa 98 a8 c1 20 12 d9 04 7c 16 ea 1f ae 8a ef 85 11 41 57 df fc 02 31 00 a8 4c b9 90 4b 2f 6a 4f c2 8e d8 23 ad 81 de 4c 51 50 0b 27 17 8f 46 26 89 3b 9f f9 ce 48 e0 ee 28 fd 3f 06 e1 b3 4d 8f 6c 48 1c 2a 94 a9 d0 de 30 82 01 dc 30 82 01 61 a0 03 02 01 02 02 01 01 30 0a 06 08 2a 86 48 ce 3d 04 03 03 30 21 31 1f 30 1d 06 03 55 04 03 0c 16 44 4d 54 46 20 6c 69 62 73 70 64 6d 20 45 43 50 33 38 34 20 43 41 30 1e 17 0d 32 33 30 34 32 30 30 31 31 34 30 35 5a 17 0d 33 33 30 34 31 37 30 31 31 34 30 35 5a 30 30 31 2e 30 2c 06 03 55 04 03 0c 25 44 4d 54 46 20 6c 69 62 73 70 64 6d 20 45 43 50 33 38 34 20 69 6e 74 65 72 6d 65 64 69 61 74 65 20 63 65 72 74 30 76 30 10 06 07 2a 86 48 ce 3d 02 01 06 05 2b 81 04 00 22 03 62 00 04 31 7d 01 41 1a f7 e9 ea 5c 39 1e 37 6a 16 8d 2c 6e d9 7e ea 19 25 c5 97 40 dc ce 39 7f 92 46 cb fb 4b 44 d8 f7 3d db 47 a6 44 bf 55 77 02 35 d1 37 27 68 a4 e8 04 4e 87 75 8f 59 57 a9 80 b8 b4 3c 97 ca fa 1b 13 a8 50 dc 0d 7a be 13 3d 31 5b fd d8 9f d6 fc aa 27 33 b8 92 5c 5b b8 0c 24 ca a3 5e 30 5c 30 0c 06 03 55 1d 13 04 05 30 03 01 01 ff 30 0b 06 03 55 1d 0f 04 04 03 02 01 fe 30 1d 06 03 55 1d 0e 04 16 04 14 00 0f 6f a7 6b 1f 34 03 0e 5a 21 c7 38 eb f1 a5 57 d5 57 cd 30 20 06 03 55 1d 25 01 01 ff 04 16 30 14 06 08 2b 06 01 05 05 07 03 01 06 08 2b 06 01 05 05 07 03 02 30 0a 06 08 2a 86 48 ce 3d 04 03 03 03 69 00 30 66 02 31 00 99 03 64 47 66 6c 30 6a b7 9d d3 5a 99 21 68 ae 09 50 6f eb b4 fd ef 69 0b cf b2 56 4f b6 8f 1f 43 11 0c de f6 fd 77 fd a9 34 25 81 7e 97 64 4c 02 31 00 f9 c7 5c 54 3d 43 92 9a 30 3d 61 1a 1e f8 65 51 d4 d5 20 90 d2 85 f0 44 de 40 85 ea 34 61 dd 6b fe 60 bd 0a c0 db 3d 43 2c ad d4 c4 e9 fa 22 33 30 82 02 47 30 82 01 cc a0 03 02 01 02 02 01 03 30 0a 06 08 [0m
[90m[SPDM-EMU] Platform port Receive command: 00 00 00 01 [0m
[90m[SPDM-EMU] Platform port Receive transport_type: 00 00 00 02 [0m
[90m[SPDM-EMU] Platform port Receive size: 00 00 00 10 [0m
[90m[SPDM-EMU] Platform port Receive buffer:[0m
[90m[SPDM-EMU]     01 00 01 00 04 00 00 00 12 82 00 00 00 04 37 02 [0m
[90m[SPDM-EMU] SpdmReceiveRequest[.] ...[0m
[90m[SPDM-EMU] SpdmReceiveRequest[0] msg SPDM_GET_CERTIFICATE(0x82), size (0x8): [0m
[90m[SPDM-EMU] 0000: 12 82 00 00 00 04 37 02 [0m
[90m[SPDM-EMU] SpdmSendResponse[0] ...[0m
[90m[SPDM-EMU] SpdmSendResponse[0]: msg SPDM_CERTIFICATE(0x2), size (0x23f): [0m
[90m[SPDM-EMU] 0000: 12 02 00 00 37 02 00 00 2a 86 48 ce 3d 04 03 03 30 30 31 2e 30 2c 06 03 55 04 03 0c 25 44 4d 54 [0m
[90m[SPDM-EMU] 0020: 46 20 6c 69 62 73 70 64 6d 20 45 43 50 33 38 34 20 69 6e 74 65 72 6d 65 64 69 61 74 65 20 63 65 [0m
[90m[SPDM-EMU] 0040: 72 74 30 1e 17 0d 32 33 30 39 31 32 30 37 31 31 33 33 5a 17 0d 33 33 30 39 30 39 30 37 31 31 33 [0m
[90m[SPDM-EMU] 0060: 33 5a 30 2d 31 2b 30 29 06 03 55 04 03 0c 22 44 4d 54 46 20 6c 69 62 73 70 64 6d 20 45 43 50 33 [0m
[90m[SPDM-EMU] 0080: 38 34 20 72 65 73 70 6f 6e 64 65 72 20 63 65 72 74 30 76 30 10 06 07 2a 86 48 ce 3d 02 01 06 05 [0m
[90m[SPDM-EMU] 00a0: 2b 81 04 00 22 03 62 00 04 0d 1c b9 20 1c dc ed c8 64 e9 70 a3 62 12 da d4 fe 59 94 ce bd ae d7 [0m
[90m[SPDM-EMU] 00c0: d2 94 e4 e3 11 88 78 b9 88 c0 ed 5b e1 41 4a df 28 db 49 0f 38 81 52 68 b5 4c 6a 11 0b 58 b1 9c [0m
[90m[SPDM-EMU] 00e0: c1 4d 47 41 14 1f 6d d6 57 ac a3 9f d1 b9 64 de 07 11 e8 31 78 de 75 3a b7 2c 15 56 ea f5 20 63 [0m
[90m[SPDM-EMU] 0100: 93 0f 33 a9 71 a3 7e 78 19 a3 81 bc 30 81 b9 30 0c 06 03 55 1d 13 01 01 ff 04 02 30 00 30 0b 06 [0m
[90m[SPDM-EMU] 0120: 03 55 1d 0f 04 04 03 02 05 e0 30 1d 06 03 55 1d 0e 04 16 04 14 14 3c 4f 66 c7 d7 60 40 7f 67 c1 [0m
[90m[SPDM-EMU] 0140: 95 68 b3 87 28 3e c5 23 83 30 31 06 03 55 1d 11 04 2a 30 28 a0 26 06 0a 2b 06 01 04 01 83 1c 82 [0m
[90m[SPDM-EMU] 0160: 12 01 a0 18 0c 16 41 43 4d 45 3a 57 49 44 47 45 54 3a 31 32 33 34 35 36 37 38 39 30 30 2a 06 03 [0m
[90m[SPDM-EMU] 0180: 55 1d 25 01 01 ff 04 20 30 1e 06 08 2b 06 01 05 05 07 03 01 06 08 2b 06 01 05 05 07 03 02 06 08 [0m
[90m[SPDM-EMU] 01a0: 2b 06 01 05 05 07 03 09 30 1e 06 0a 2b 06 01 04 01 83 1c 82 12 06 04 10 30 0e 30 0c 06 0a 2b 06 [0m
[90m[SPDM-EMU] 01c0: 01 04 01 83 1c 82 12 02 30 0a 06 08 2a 86 48 ce 3d 04 03 03 03 69 00 30 66 02 31 00 af 75 02 a9 [0m
[90m[SPDM-EMU] 01e0: b3 a6 47 4a 6e f4 0c b0 85 07 fc 3c 53 9d 29 b0 09 c2 b9 b3 f3 96 b9 99 be c5 75 9c ac 4f c3 8a [0m
[90m[SPDM-EMU] 0200: 7a 24 7d 17 f7 cb 2a 71 14 57 3e 92 02 31 00 d3 57 af 94 68 e1 02 b6 51 50 0c 4a 74 97 72 37 b5 [0m
[90m[SPDM-EMU] 0220: 03 ff 58 80 e0 f5 eb ae 1e 81 d8 d5 84 3d 18 83 60 fe 07 cd 43 2d 27 bd f5 a4 a5 19 7f 5d 09 [0m
[RUST]   AFTER call_transport_decode: ret=0
[RUST]   CERTIFICATE response: portion=1024, remainder=567
[RUST]   === CHUNK 1 COMPLETE: portion=1024, remainder=567, total_offset=0 ===
[RUST]   total_cert_length=1591
[RUST]   DEBUG: loop iteration 2 start
[RUST] call_acquire_sender(func=0xd07fccc0)
[RUST]   acquire_sender ret=0, buf=0xdc382e0
[RUST]   === CHUNK 2 START: offset=1024, request_len=567 ===
[RUST]   sending GET_CERTIFICATE: offset=1024, length=567
[RUST] call_send(func=0xd07fd490, buf=0xdc382e0, size=8)
[C_DEBUG] SEND_YIELD: flags=0x6 RSP_CACHE=1 REQ_SEND=1 protocol=0 is_sspdm=0
[RUST]   send ret=0, context=0xdc422e0
[RUST] call_acquire_receiver(func=0xd07fdcd0)
[RUST-ACQ-RECV] func=0x5795d07fdcd0 context=0x57960dc422e0
[RUST-ACQ-RECV] ret=0 buf=0x57960dc382e0
[RUST]   acquire_receiver ret=0, buf=0xdc382e0
[RUST] call_recv(func=0xd07fd5d0)
[C_RECV] ENTRY: resp_len=576 status=1 response=0x57960dc382e0 send_recv_buf=0x57960dc382e0
[C_RECV] BEFORE_SERVICE_CALL: buf_offset=0 resp_addr=0x5666aaa17000 resp_len_align=576
[C_RECV] AFTER_SERVICE_CALL: rc=0
[RUST] recv ret=0, size=576
[RUST] call_release_sender(func=0xd07fcce0, buf=0xdc382e0)
[RUST]   BEFORE call_transport_decode for CERTIFICATE chunk 2
[RUST-DECODE-ENTRY] transport_msg=0x57960dc382e0 transport_size=576
[RUST-DECODE-FUNC] func_ptr=0x5795d07fda30
[RUST-DECODE-CALL] calling transport_decode callback
[RUST-DECODE-PRE-CALL] calling C callback now
[C_DEBUG] cma_cache_cert: cache_offset=8 cache_len=567 portion=567 remainder=0
[RUST-DECODE-POST-CALL] callback returned: ret=0 msg_size=576 msg=0x57960dc382e0
[RUST]   AFTER call_transport_decode: ret=0
[RUST]   CERTIFICATE response: portion=567, remainder=0
[RUST]   === CHUNK 2 COMPLETE: portion=567, remainder=0, total_offset=1024 ===
[RUST]   === LOOP END: total_chunks=2, total_size=1591 ===
[RUST]   get_certificate SUCCESS: total_size=1591
[RUST] get_hash_size(algo=0x2)
[RUST]   computed cert_chain_hash (full chain): len=48
[RUST] set_data(context=0x57960dc422e0, type=60, data=0x57960dc448ac, size=48)
[RUST]   set PEER_USED_CERT_CHAIN_HASH (size=48)
[RUST]   stored cert_chain_hash (48 bytes)
[RUST] set_data(context=0x57960dc422e0, type=61, data=0x753bf5532bb0, size=8)
[RUST]   unknown data_type=61
[EL0_APP] func_id=11 session_id=0x0
 03 69 00 30 66 02 31 
0390: 00 99 03 64 47 66 6c 30 6a b7 9d d3 5a 99 21 68 
03a0: ae 09 50 6f eb b4 fd ef 69 0b cf b2 56 4f b6 8f 
03b0: 1f 43 11 0c de f6 fd 77 fd a9 34 25 81 7e 97 64 
03c0: 4c 02 31 00 f9 c7 5c 54 3d 43 92 9a 30 3d 61 1a 
03d0: 1e f8 65 51 d4 d5 20 90 d2 85 f0 44 de 40 85 ea 
03e0: 34 61 dd 6b fe 60 bd 0a c0 db 3d 43 2c ad d4 c4 
03f0: e9 fa 22 33 30 82 02 47 30 82 01 cc a0 03 02 01 
0400: 02 02 01 03 30 0a 06 08 
SMC_RMI_PDEV_GET_STATE            5666aaa13000 > RMI_SUCCESS 0
SMC_RMI_PDEV_COMMUNICATE          5666aaa13000 5666aaa15000 > RMI_SUCCESS
[HOST_DEBUG] cache_dev_req_resp: flags=0x6 REQ_CACHE=0 RSP_CACHE=1 obj_id=1 rsp_offset=60 rsp_len=972
[HOST_DEBUG] pdev_cache_object: obj_id=1 buf_len=972 cert_chain_len=0
host_pdev_cache_device_object: cache_cert: offset: 0x0, len: 0x3cc
[SPDM TX] DOE header: vendor_id=0x1, type=1, len=4
[SPDM TX] Request data: len=8 bytes
0000: 12 82 00 00 00 04 37 02 
[SPDM RX] DOE header: vendor_id=0x1, type=1, len=146
[SPDM RX] Response data: len=576 bytes
0000: 12 02 00 00 37 02 00 00 2a 86 48 ce 3d 04 03 03 
0010: 30 30 31 2e 30 2c 06 03 55 04 03 0c 25 44 4d 54 
0020: 46 20 6c 69 62 73 70 64 6d 20 45 43 50 33 38 34 
0030: 20 69 6e 74 65 72 6d 65 64 69 61 74 65 20 63 65 
0040: 72 74 30 1e 17 0d 32 33 30 39 31 32 30 37 31 31 
0050: 33 33 5a 17 0d 33 33 30 39 30 39 30 37 31 31 33 
0060: 33 5a 30 2d 31 2b 30 29 06 03 55 04 03 0c 22 44 
0070: 4d 54 46 20 6c 69 62 73 70 64 6d 20 45 43 50 33 
0080: 38 34 20 72 65 73 70 6f 6e 64 65 72 20 63 65 72 
0090: 74 30 76 30 10 06 07 2a 86 48 ce 3d 02 01 06 05 
00a0: 2b 81 04 00 22 03 62 00 04 0d 1c b9 20 1c dc ed 
00b0: c8 64 e9 70 a3 62 12 da d4 fe 59 94 ce bd ae d7 
00c0: d2 94 e4 e3 11 88 78 b9 88 c0 ed 5b e1 41 4a df 
00d0: 28 db 49 0f 38 81 52 68 b5 4c 6a 11 0b 58 b1 9c 
00e0: c1 4d 47 41 14 1f 6d d6 57 ac a3 9f d1 b9 64 de 
00f0: 07 11 e8 31 78 de 75 3a b7 2c 15 56 ea f5 20 63 
0100: 93 0f 33 a9 71 a3 7e 78 19 a3 81 bc 30 81 b9 30 
0110: 0c 06 03 55 1d 13 01 01 ff 04 02 30 00 30 0b 06 
0120: 03 55 1d 0f 04 04 03 02 05 e0 30 1d 06 03 55 1d 
0130: 0e 04 16 04 14 14 3c 4f 66 c7 d7 60 40 7f 67 c1 
0140: 95 68 b3 87 28 3e c5 23 83 30 31 06 03 55 1d 11 
0150: 04 2a 30 28 a0 26 06 0a 2b 06 01 04 01 83 1c 82 
0160: 12 01 a0 18 0c 16 41 43 4d 45 3a 57 49 44 47 45 
0170: 54 3a 31 32 33 34 35 36 37 38 39 30 30 2a 06 03 
0180: 55 1d 25 01 01 ff 04 20 30 1e 06 08 2b 06 01 05 
0190: 05 07 03 01 06 08 2b 06 01 05 05 07 03 02 06 08 
01a0: 2b 06 01 05 05 07 03 09 30 1e 06 0a 2b 06 01 04 
01b0: 01 83 1c 82 12 06 04 10 30 0e 30 0c 06 0a 2b 06 
01c0: 01 04 01 83 1c 82 12 02 30 0a 06 08 2a 86 48 ce 
01d0: 3d 04 03 03 03 69 00 30 66 02 31 00 af 75 02 a9 
01e0: b3 a6 47 4a 6e f4 0c b0 85 07 fc 3c 53 9d 29 b0 
01f0: 09 c2 b9 b3 f3 96 b9 99 be c5 75 9c ac 4f c3 8a 
0200: 7a 24 7d 17 f7 cb 2a 71 14 57 3e 92 02 31 00 d3 
0210: 57 af 94 68 e1 02 b6 51 50 0c 4a 74 97 72 37 b5 
0220: 03 ff 58 80 e0 f5 eb ae 1e 81 d8 d5 84 3d 18 83 
0230: 60 fe 07 cd 43 2d 27 bd f5 a4 a5 19 7f 5d 09 00 
SMC_RMI_PDEV_GET_STATE            5666aaa13000 > RMI_SUCCESS 0
SMC_RMI_PDEV_COMMUNICATE          5666aaa13000 5666aaa15000 > RMI_SUCCESS
[HOST_DEBUG] cache_dev_req_resp: flags=0x2 REQ_CACHE=0 RSP_CACHE=1 obj_id=1 rsp_offset=8 rsp_len=567
[HOST_DEBUG] pdev_cache_object: obj_id=1 buf_len=567 cert_chain_len=972
host_pdev_cache_device_object: cache_cert: offset: 0x3cc, len: 0x237
SMC_RMI_PDEV_GET_STATE            5666aaa13000 > RMI_SUCCESS 0
SMC_RMI_PDEV_COMMUNICATE          5666aaa13000 5666aaa15000 > RMI_SUCCESS
SMC_RMI_PDEV_GET_STATE            5666aaa13000 > RMI_SUCCESS 1
SMC_RMI_PDEV_GET_STATE            5666aaa13000 > RMI_SUCCESS 1
[HOST_DEBUG] BEFORE get_public_key: cert_chain_len=1539
leaf_cert_len: 0x24b
DEV public key len/sig_algo: 97/2
SMC_RMI_PDEV_SET_PUBKEY           5666aaa13000 5666aaa1b000 > RMI_SUCCESS
SMC_RMI_PDEV_GET_STATE            5666aaa13000 > RMI_SUCCESS 2
SMC_RMI_PDEV_GET_STATE            5666aaa13000 > RMI_SUCCESS 2
SMC_RMI_PDEV_COMMUNICATE          5666aaa13000 5666aaa15000 > RMI_SUCCESS
[SPDM TX] DOE header: vendor_id=0x1, type=1, len=41
[SPDM TX] Re[90m[SPDM-EMU] Platform port Transmit command: 00 00 00 01 [0m
[90m[SPDM-EMU] Platform port Transmit transport_type: 00 00 00 02 [0m
[90m[SPDM-EMU] Platform port Transmit size: 00 00 02 48 [0m
[90m[SPDM-EMU] Platform port Transmit buffer:[0m
[90m[SPDM-EMU]     01 00 01 00 92 00 00 00 12 02 00 00 37 02 00 00 2a 86 48 ce 3d 04 03 03 30 30 31 2e 30 2c 06 03 55 04 03 0c 25 44 4d 54 46 20 6c 69 62 73 70 64 6d 20 45 43 50 33 38 34 20 69 6e 74 65 72 6d 65 64 69 61 74 65 20 63 65 72 74 30 1e 17 0d 32 33 30 39 31 32 30 37 31 31 33 33 5a 17 0d 33 33 30 39 30 39 30 37 31 31 33 33 5a 30 2d 31 2b 30 29 06 03 55 04 03 0c 22 44 4d 54 46 20 6c 69 62 73 70 64 6d 20 45 43 50 33 38 34 20 72 65 73 70 6f 6e 64 65 72 20 63 65 72 74 30 76 30 10 06 07 2a 86 48 ce 3d 02 01 06 05 2b 81 04 00 22 03 62 00 04 0d 1c b9 20 1c dc ed c8 64 e9 70 a3 62 12 da d4 fe 59 94 ce bd ae d7 d2 94 e4 e3 11 88 78 b9 88 c0 ed 5b e1 41 4a df 28 db 49 0f 38 81 52 68 b5 4c 6a 11 0b 58 b1 9c c1 4d 47 41 14 1f 6d d6 57 ac a3 9f d1 b9 64 de 07 11 e8 31 78 de 75 3a b7 2c 15 56 ea f5 20 63 93 0f 33 a9 71 a3 7e 78 19 a3 81 bc 30 81 b9 30 0c 06 03 55 1d 13 01 01 ff 04 02 30 00 30 0b 06 03 55 1d 0f 04 04 03 02 05 e0 30 1d 06 03 55 1d 0e 04 16 04 14 14 3c 4f 66 c7 d7 60 40 7f 67 c1 95 68 b3 87 28 3e c5 23 83 30 31 06 03 55 1d 11 04 2a 30 28 a0 26 06 0a 2b 06 01 04 01 83 1c 82 12 01 a0 18 0c 16 41 43 4d 45 3a 57 49 44 47 45 54 3a 31 32 33 34 35 36 37 38 39 30 30 2a 06 03 55 1d 25 01 01 ff 04 20 30 1e 06 08 2b 06 01 05 05 07 03 01 06 08 2b 06 01 05 05 07 03 02 06 08 2b 06 01 05 05 07 03 09 30 1e 06 0a 2b 06 01 04 01 83 1c 82 12 06 04 10 30 0e 30 0c 06 0a 2b 06 01 04 01 83 1c 82 12 02 30 0a 06 08 2a 86 48 ce 3d 04 03 03 03 69 00 30 66 02 31 00 af 75 02 a9 b3 a6 47 4a 6e f4 0c b0 85 07 fc 3c 53 9d 29 b0 09 c2 b9 b3 f3 96 b9 99 be c5 75 9c ac 4f c3 8a 7a 24 7d 17 f7 cb 2a 71 14 57 3e 92 02 31 00 d3 57 af 94 68 e1 02 b6 51 50 0c 4a 74 97 72 37 b5 03 ff 58 80 e0 f5 eb ae 1e 81 d8 d5 84 3d 18 83 60 fe 07 cd 43 2d 27 bd f5 a4 a5 19 7f 5d 09 00 [0m
[90m[SPDM-EMU] Platform port Receive command: 00 00 00 01 [0m
[90m[SPDM-EMU] Platform port Receive transport_type: 00 00 00 02 [0m
[90m[SPDM-EMU] Platform port Receive size: 00 00 00 a4 [0m
[90m[SPDM-EMU] Platform port Receive buffer:[0m
[90m[SPDM-EMU]     01 00 01 00 29 00 00 00 12 e4 00 00 ff ff 00 00 8c ad 06 9b f6 56 91 cd b9 0c 7d e5 02 5a f7 07 ad 0c 1f 0c b0 ac 0b 46 f4 36 83 2b 31 51 f3 05 a1 e2 bd 63 69 d1 a4 81 ba 61 80 90 d0 8e 74 78 2a b0 82 34 47 1e 5b ac 86 7c 67 0c ca af 55 c3 2a 5b 97 a0 65 2b 51 4b c0 4f ce 82 61 77 c5 d6 36 d1 04 a1 7b 59 a9 fe 9b e2 c6 0c dc 6e 71 ce d0 01 8d d7 cd 93 1b ad 72 b7 cc c4 46 39 01 22 c9 e3 41 65 c9 1a 50 3c bd b1 dc 53 12 ea 96 53 10 00 01 00 00 00 00 00 05 00 01 01 01 00 11 00 00 00 00 00 [0m
[90m[SPDM-EMU] SpdmReceiveRequest[.] ...[0m
[90m[SPDM-EMU] SpdmReceiveRequest[0] msg SPDM_KEY_EXCHANGE(0xe4), size (0x9c): [0m
[90m[SPDM-EMU] 0000: 12 e4 00 00 ff ff 00 00 8c ad 06 9b f6 56 91 cd b9 0c 7d e5 02 5a f7 07 ad 0c 1f 0c b0 ac 0b 46 [0m
[90m[SPDM-EMU] 0020: f4 36 83 2b 31 51 f3 05 a1 e2 bd 63 69 d1 a4 81 ba 61 80 90 d0 8e 74 78 2a b0 82 34 47 1e 5b ac [0m
[90m[SPDM-EMU] 0040: 86 7c 67 0c ca af 55 c3 2a 5b 97 a0 65 2b 51 4b c0 4f ce 82 61 77 c5 d6 36 d1 04 a1 7b 59 a9 fe [0m
[90m[SPDM-EMU] 0060: 9b e2 c6 0c dc 6e 71 ce d0 01 8d d7 cd 93 1b ad 72 b7 cc c4 46 39 01 22 c9 e3 41 65 c9 1a 50 3c [0m
[90m[SPDM-EMU] 0080: bd b1 dc 53 12 ea 96 53 10 00 01 00 00 00 00 00 05 00 01 01 01 00 11 00 00 00 00 00 [0m
[90m[SPDM-EMU] SpdmSendResponse[0] ...[0m
[90m[SPDM-EMU] Calc SelfKey (0x60):[0m
[90m[SPDM-EMU] 0000: 58 5e 09 6a dc 33 d6 f6 97 78 6b e6 1c 53 87 80 5c 32 c6 4a da 89 43 dd c0 05 1f 1a bc 8e 72 a1 [0m
[90m[SPDM-EMU] 0020: 0b d5 19 a2 92 04 90 c9 2b f0 3c c5 9d 81 bf 77 99 b6 e0 26 2f 2e 19 a2 d9 28 3a 32 9b 72 91 f9 [0m
[90m[SPDM-EMU] 0040: 8c 3a 48 22 4b bc 32 33 a8 b4 35 40 f6 8b 18 ab 43 c8 7f 1a 92 79 86 ef d4 95 35 ca bc 9e 63 eb [0m
[90m[SPDM-EMU] Calc peer_key (0x60):[0m
[90m[SPDM-EMU] 0000: a1 e2 bd 63 69 d1 a4 81 ba 61 80 90 d0 8e 74 78 2a b0 82 34 47 1e 5b ac 86 7c 67 0c ca af 55 c3 [0m
[90m[SPDM-EMU] 0020: 2a 5b 97 a0 65 2b 51 4b c0 4f ce 82 61 77 c5 d6 36 d1 04 a1 7b 59 a9 fe 9b e2 c6 0c dc 6e 71 ce [0m
[90m[SPDM-EMU] 0040: d0 01 8d d7 cd 93 1b ad 72 b7 cc c4 46 39 01 22 c9 e3 41 65 c9 1a 50 3c bd b1 dc 53 12 ea 96 53 [0m
[90m[SPDM-EMU] th_curr hash - b4 2d ae a0 f6 60 5c 36 2f de 11 91 77 0d b1 4a 83 0e 6f 04 b6 b3 88 ed 30 b8 08 cd 1f 91 3f e7 43 fc fa 17 d8 d0 a0 be 28 f8 8f 1f 83 9f d1 3a [0m
[90m[SPDM-EMU] signature - 4a 2e 1e ee 74 52 19 c7 2f 52 89 72 63 dd 13 7c 7a de 78 e6 58 b2 38 cc 5d ef 8d 7d 51 4f 09 43 50 3a 20 0d 8e b0 5c e3 32 9d 50 74 71 b1 a5 f6 c7 7b 46 d6 bc 77 9b b5 93 ca 35 49 34 f7 6f 6a e6 45 b5 36 a7 94 f5 3a d7 28 9f 56 2c 8c b7 f9 75 2f 38 d4 bc 48 32 25 78 2b 32 8e c8 dc 04 3d [0m
[90m[SPDM-EMU] libspdm_generate_session_handshake_key[ffffffff][0m
[90m[SPDM-EMU] Calc th1 hash ...[0m
[90m[SPDM-EMU] th1 hash - 2b 3e de e2 47 43 28 87 59 a8 cf 78 57 64 9b 30 5d 01 d3 2d 1e 38 e5 da 86 dc 29 ea 0c 91 55 45 13 b9 1e 2a 01 56 16 bb 57 28 f7 06 c2 69 3a e5 [0m
[90m[SPDM-EMU] [DHE Secret]: 7e90aa3f5a54b8efd14cdc26a49db0b51215fc5d42411c4ab48942b445eb0cc85d1572af5c00e26f589b9339d3fa7182[0m
[90m[SPDM-EMU] handshake_secret (0x30) - 5a f1 cb d4 5f be 1f 72 ef 91 95 0b 77 d8 2a a5 41 2a e5 13 41 65 5d 4d 4c 10 fd 0f b0 0c 38 b3 75 3a cf 29 74 05 a9 7e bb 15 b8 d2 da e5 52 40 [0m
[90m[SPDM-EMU] bin_str1 (0x45):[0m
[90m[SPDM-EMU] 0000: 30 00 73 70 64 6d 31 2e 32 20 72 65 71 20 68 73 20 64 61 74 61 2b 3e de e2 47 43 28 87 59 a8 cf [0m
[90m[SPDM-EMU] 0020: 78 57 64 9b 30 5d 01 d3 2d 1e 38 e5 da 86 dc 29 ea 0c 91 55 45 13 b9 1e 2a 01 56 16 bb 57 28 f7 [0m
[90m[SPDM-EMU] 0040: 06 c2 69 3a e5 [0m
[90m[SPDM-EMU] request_handshake_secret (0x30) - bf b1 56 a9 da 30 f4 a3 2f 3a 0a e9 b7 25 b4 7d b9 3a de b2 42 49 a9 f5 e6 51 3c f9 0a e1 0e 66 94 b9 e2 0f 69 85 29 8c b2 08 36 fb d7 24 1a cb [0m
[90m[SPDM-EMU] bin_str2 (0x45):[0m
[90m[SPDM-EMU] 0000: 30 00 73 70 64 6d 31 2e 32 20 72 73 70 20 68 73 20 64 61 74 61 2b 3e de e2 47 43 28 87 59 a8 cf [0m
[90m[SPDM-EMU] 0020: 78 57 64 9b 30 5d 01 d3 2d 1e 38 e5 da 86 dc 29 ea 0c 91 55 45 13 b9 1e 2a 01 56 16 bb 57 28 f7 [0m
[90m[SPDM-EMU] 0040: 06 c2 69 3a e5 [0m
[90m[SPDM-EMU] response_handshake_secret (0x30) - 09 c0 9c 2e 86 9e f3 99 bf f0 e5 e6 ec 96 a0 1c c2 86 97 d4 05 56 89 66 93 b2 f6 8b 3f 22 db 48 ae fa 67 b1 5e 21 54 72 8b 99 a7 13 a6 c9 d8 d3 [0m
[90m[SPDM-EMU] bin_str7 (0x12):[0m
[90m[SPDM-EMU] 0000: 30 00 73 70 64 6d 31 2e 32 20 66 69 6e 69 73 68 65 64 [0m
[90m[SPDM-EMU] finished_key (0x30) - 1e 22 bf ba 4e 0e e7 ae 24 97 de 4a d3 18 04 6b db 69 40 97 61 9b 3f 7d ed 5e f8 d1 16 00 ce 56 a7 6a 4c 13 f0 fd a0 09 d0 0a 27 f3 23 37 44 04 [0m
[90m[SPDM-EMU] bin_str7 (0x12):[0m
[90m[SPDM-EMU] 0000: 30 00 73 70 64 6d 31 2e 32 20 66 69 6e 69 73 68 65 64 [0m
[90m[SPDM-EMU] finished_key (0x30) - 94 63 cb 7f 5d a4 9f 19 fd 12 51 01 03 47 d3 06 bf 12 6b 6b 30 14 29 3c 03 30 50 9a 9f 46 23 59 a3 4d b1 0a ad 63 5b 95 37 77 07 9e ae e1 c1 93 [0m
[90m[SPDM-EMU] bin_str5 (0xd):[0m
[90m[SPDM-EMU] 0000: 20 00 73 70 64 6d 31 2e 32 20 6b 65 79 [0m
[90m[SPDM-EMU] key (0x20) - 47 2b 8b 7d ea a5 12 f2 31 4a 09 cc 2c a6 39 e3 4c f4 d9 b3 b6 3f f8 85 3c e5 98 64 19 3b 8a fe [0m
[90m[SPDM-EMU] bin_str6 (0xc):[0m
[90m[SPDM-EMU] 0000: 0c 00 73 70 64 6d 31 2e 32 20 69 76 [0m
[90m[SPDM-EMU] iv (0xc) - 75 b8 75 f3 0e 29 f5 91 90 33 6a 6c [0m
[90m[SPDM-EMU] bin_str5 (0xd):[0m
[90m[SPDM-EMU] 0000: 20 00 73 70 64 6d 31 2e 32 20 6b 65 79 [0m
[90m[SPDM-EMU] key (0x20) - ca cf 51 ca ff cf 86 54 21 14 96 42 63 22 38 14 46 51 f5 31 1f f6 e6 e4 7c 59 5e a1 33 20 ed 25 [0m
[90m[SPDM-EMU] bin_str6 (0xc):[0m
[90m[SPDM-EMU] 0000: 0c 00 73 70 64 6d 31 2e 32 20 69 76 [0m
[90m[SPDM-EMU] iv (0xc) - eb d2 ee 7c 08 1c 33 07 8e e6 72 4d [0m
[90m[SPDM-EMU] session policy - 0[0m
[90m[SPDM-EMU] SpdmSendResponse[0]: msg SPDM_KEY_EXCHANGE_RSP(0x64), size (0xf6): [0m
[90m[SPDM-EMU] 0000: 12 64 00 00 ff ff 00 00 de 34 95 41 b3 86 1c 9f ab 51 a6 b1 a8 1c 57 8f ce 41 7f ad 60 7c 74 06 [0m
[90m[SPDM-EMU] 0020: 9c 4b 69 18 97 f2 36 6b 58 5e 09 6a dc 33 d6 f6 97 78 6b e6 1c 53 87 80 5c 32 c6 4a da 89 43 dd [0m
[90m[SPDM-EMU] 0040: c0 05 1f 1a bc 8e 72 a1 0b d5 19 a2 92 04 90 c9 2b f0 3c c5 9d 81 bf 77 99 b6 e0 26 2f 2e 19 a2 [0m
[90m[SPDM-EMU] 0060: d9 28 3a 32 9b 72 91 f9 8c 3a 48 22 4b bc 32 33 a8 b4 35 40 f6 8b 18 ab 43 c8 7f 1a 92 79 86 ef [0m
[90m[SPDM-EMU] 0080: d4 95 35 ca bc 9e 63 eb 0c 00 01 00 00 00 00 00 04 00 01 00 00 11 4a 2e 1e ee 74 52 19 c7 2f 52 [0m
[90m[SPDM-EMU] 00a0: 89 72 63 dd 13 7c 7a de 78 e6 58 b2 38 cc 5d ef 8d 7d 51 4f 09 43 50 3a 20 0d 8e b0 5c e3 32 9d [0m
[90m[SPDM-EMU] 00c0: 50 74 71 b1 a5 f6 c7 7b 46 d6 bc 77 9b b5 93 ca 35 49 34 f7 6f 6a e6 45 b5 36 a7 94 f5 3a d7 28 [0m
[90m[SPDM-EMU] 00e0: 9f 56 2c 8c b7 f9 75 2f 38 d4 bc 48 32 25 78 2b 32 8e c8 dc 04 3d [0m
[90m[SPDM-EMU] Platform port Transmit command: 00 00 00 01 [0m
[90m[SPDM-EMU] Platform port Transmit transport_type: 00 00 00 02 [0m
[90m[SPDM-EMU] Platform port Transmit size: 00 00 01 00 [0m
[90m[SPDM-EMU] Platform port Transmit buffer:[0m
[RUST] start_session(context=0xdc422e0, use_psk=0, slot=0)
[RUST] key_exchange(context=0xdc422e0, slot=0)
[RUST]   dhe_group=0x30018, key_size=96 (X+Y coordinates, no prefix)
[RUST]   ECDH pubkey generated: size=96
[RUST]   KEY_EXCHANGE size: header=4, session_id=2, policy=1, reserved=1, random=32, dhe=96, opaque_len=2, opaque=16 = total 154
[RUST] call_acquire_sender(func=0xd07fccc0)
[RUST]   acquire_sender ret=0, buf=0xdc382e0
[RUST]   sender_buf=0xdc382e0
[RUST]   KEY_EXCHANGE header: 12 e4 00 00
[RUST]   KEY_EXCHANGE session: ff ff
[RUST]   KEY_EXCHANGE opaque_len: 10 00
[RUST]   KEY_EXCHANGE opaque[0-4]: 01 00 00 00 00
[RUST]   KEY_EXCHANGE opaque[5-9]: 00 05 00 01 01
[RUST]   KEY_EXCHANGE opaque[10-14]: 01 00 11 00 00
[RUST]   KEY_EXCHANGE opaque[15]: 00
[RUST] call_send(func=0xd07fd490, buf=0xdc382e0, size=154)
[C_DEBUG] SEND_YIELD: flags=0x4 RSP_CACHE=0 REQ_SEND=1 protocol=0 is_sspdm=0
[RUST]   send ret=0, context=0xdc422e0
[RUST]   saved KEY_EXCHANGE request: len=154
[RUST] call_release_sender(func=0xd07fcce0, buf=0xdc382e0)
[RUST] call_acquire_receiver(func=0xd07fdcd0)
[RUST-ACQ-RECV] func=0x5795d07fdcd0 context=0x57960dc422e0
[RUST-ACQ-RECV] ret=0 buf=0x57960dc382e0
[RUST]   acquire_receiver ret=0, buf=0xdc382e0
[RUST] call_recv(func=0xd07fd5d0)
[C_RECV] ENTRY: resp_len=248 status=1 response=0x57960dc382e0 send_recv_buf=0x57960dc382e0
[C_RECV] BEFORE_SERVICE_CALL: buf_offset=0 resp_addr=0x5666aaa17000 resp_len_align=248
[C_RECV] AFTER_SERVICE_CALL: rc=0
[RUST] recv ret=0, size=248
[RUST]   recv size=248 (raw transport data)
[RUST-DECODE-ENTRY] transport_msg=0x57960dc382e0 transport_size=248
[RUST-DECODE-FUNC] func_ptr=0x5795d07fda30
[RUST-DECODE-CALL] calling transport_decode callback
[RUST-DECODE-PRE-CALL] calling C callback now
[RUST-DECODE-POST-CALL] callback returned: ret=0 msg_size=248 msg=0x57960dc382e0
[90m[SPDM-EMU]     01 00 01 00 40 00 00 00 12 64 00 00 ff ff 00 00 de 34 95 41 b3 86 1c 9f ab 51 a6 b1 a8 1c 57 8f ce 41 7f ad 60 7c 74 06 9c 4b 69 18 97 f2 36 6b 58 5e 09 6a dc 33 d6 f6 97 78 6b e6 1c 53 87 80 5c 32 c6 4a da 89 43 dd c0 05 1f 1a bc 8e 72 a1 0b d5 19 a2 92 04 90 c9 2b f0 3c c5 9d 81 bf 77 99 b6 e0 26 2f 2e 19 a2 d9 28 3a 32 9b 72 91 f9 8c 3a 48 22 4b bc 32 33 a8 b4 35 40 f6 8b 18 ab 43 c8 7f 1a 92 79 86 ef d4 95 35 ca bc 9e 63 eb 0c 00 01 00 00 00 00 00 04 00 01 00 00 11 4a 2e 1e ee 74 52 19 c7 2f 52 89 72 63 dd 13 7c 7a de 78 e6 58 b2 38 cc 5d ef 8d 7d 51 4f 09 43 50 3a 20 0d 8e b0 5c e3 32 9d 50 74 71 b1 a5 f6 c7 7b 46 d6 bc 77 9b b5 93 ca 35 49 34 f7 6f 6a e6 45 b5 36 a7 94 f5 3a d7 28 9f 56 2c 8c b7 f9 75 2f 38 d4 bc 48 32 25 78 2b 32 8e c8 dc 04 3d 00 00 [0m
[90m[SPDM-EMU] Platform port Receive command: 00 00 00 01 [0m
[90m[SPDM-EMU] Platform port Receive transport_type: 00 00 00 02 [0m
[90m[SPDM-EMU] Platform port Receive size: 00 00 00 3c [0m
[90m[SPDM-EMU] Platform port Receive buffer:[0m
[90m[SPDM-EMU]     01 00 01 00 0f 00 00 00 12 e5 00 00 8a 35 87 1b 28 a8 99 18 be 1d 00 06 cc 15 91 04 05 e8 dd bf 6c 5a cc 62 c9 1a 0f d4 d5 60 fb 37 c8 45 42 a3 83 e1 2d e5 23 eb f8 49 14 aa 74 89 [0m
[90m[SPDM-EMU] SpdmReceiveRequest[.] ...[0m
[90m[SPDM-EMU] SpdmReceiveRequest[0] msg SPDM_FINISH(0xe5), size (0x34): [0m
[90m[SPDM-EMU] 0000: 12 e5 00 00 8a 35 87 1b 28 a8 99 18 be 1d 00 06 cc 15 91 04 05 e8 dd bf 6c 5a cc 62 c9 1a 0f d4 [0m
[90m[SPDM-EMU] 0020: d5 60 fb 37 c8 45 42 a3 83 e1 2d e5 23 eb f8 49 14 aa 74 89 [0m
[90m[SPDM-EMU] SpdmSendResponse[0] ...[0m
[90m[SPDM-EMU] th_curr hmac - 8a 35 87 1b 28 a8 99 18 be 1d 00 06 cc 15 91 04 05 e8 dd bf 6c 5a cc 62 c9 1a 0f d4 d5 60 fb 37 c8 45 42 a3 83 e1 2d e5 23 eb f8 49 14 aa 74 89 [0m
[90m[SPDM-EMU] !!! verify_finish_req_hmac - PASS !!![0m
[90m[SPDM-EMU] th_curr hmac - 61 8a a5 3f 21 20 65 4a 7a aa 76 97 c0 68 31 eb c2 92 80 d8 fc 35 0c c4 c5 45 97 a3 29 6e f9 0b 3f 47 1c 3a 62 bd 95 e2 1f b4 e6 b0 e3 77 25 ad [0m
[90m[SPDM-EMU] libspdm_generate_session_data_key[ffffffff][0m
[90m[SPDM-EMU] Calc th2 hash ...[0m
[90m[SPDM-EMU] th2 hash - ea b8 29 57 c0 73 56 82 b3 03 d5 22 75 4c 40 cf 9b 96 16 54 6a 99 32 4e 68 fd ca af a8 fd cb 51 4e 64 8e 8b 0d 4b 26 c3 a0 be 79 c8 ee c2 0a 7b [0m
[90m[SPDM-EMU] bin_str0 (0x11):[0m
[90m[SPDM-EMU] 0000: 30 00 73 70 64 6d 31 2e 32 20 64 65 72 69 76 65 64 [0m
[90m[SPDM-EMU] salt1 (0x30) - 6c 2b e8 aa b6 12 35 cb 3d 2a ed 0a 62 2a d4 1d c5 3a b4 80 ed 28 20 ee 01 b9 63 1f 27 69 83 96 86 07 8c 3f cc c2 44 ef 03 65 22 7b 2a 1f bb 4a [0m
[90m[SPDM-EMU] master_secret (0x30) - 4c 82 e4 15 41 2e ec be 8c cb fa aa 66 aa b6 b6 55 30 2f 02 26 80 42 33 7e 8d 48 ba 1e 00 1f ea c9 bc c4 2e 81 72 f4 e5 fe e6 33 3e 88 89 94 8d [0m
[90m[SPDM-EMU] bin_str3 (0x46):[0m
[90m[SPDM-EMU] 0000: 30 00 73 70 64 6d 31 2e 32 20 72 65 71 20 61 70 70 20 64 61 74 61 ea b8 29 57 c0 73 56 82 b3 03 [0m
[90m[SPDM-EMU] 0020: d5 22 75 4c 40 cf 9b 96 16 54 6a 99 32 4e 68 fd ca af a8 fd cb 51 4e 64 8e 8b 0d 4b 26 c3 a0 be [0m
[90m[SPDM-EMU] 0040: 79 c8 ee c2 0a 7b [0m
[90m[SPDM-EMU] request_data_secret (0x30) - 8e bc 02 f6 eb 93 d2 98 9c ed f5 3b ad a9 a7 53 0c 47 20 b6 e5 c2 e4 4d 72 cc d9 9b 39 77 34 0c 1e 5d 67 84 70 c0 42 00 5d b3 9c b1 97 15 a1 c1 [0m
[90m[SPDM-EMU] bin_str4 (0x46):[0m
[90m[SPDM-EMU] 0000: 30 00 73 70 64 6d 31 2e 32 20 72 73 70 20 61 70 70 20 64 61 74 61 ea b8 29 57 c0 73 56 82 b3 03 [0m
[90m[SPDM-EMU] 0020: d5 22 75 4c 40 cf 9b 96 16 54 6a 99 32 4e 68 fd ca af a8 fd cb 51 4e 64 8e 8b 0d 4b 26 c3 a0 be [0m
[90m[SPDM-EMU] 0040: 79 c8 ee c2 0a 7b [0m
[90m[SPDM-EMU] response_data_secret (0x30) - 34 40 71 46 d3 fa ab bf 1f b9 49 dd ce ca 0e e9 a8 10 51 ff c4 8a 1e 96 69 3c 48 28 d0 44 05 86 c1 44 6d c0 3c 99 f8 d7 0e 5f 6a 2a af 98 b9 77 [0m
[90m[SPDM-EMU] bin_str8 (0x44):[0m
[90m[SPDM-EMU] 0000: 30 00 73 70 64 6d 31 2e 32 20 65 78 70 20 6d 61 73 74 65 72 ea b8 29 57 c0 73 56 82 b3 03 d5 22 [0m
[90m[SPDM-EMU] 0020: 75 4c 40 cf 9b 96 16 54 6a 99 32 4e 68 fd ca af a8 fd cb 51 4e 64 8e 8b 0d 4b 26 c3 a0 be 79 c8 [0m
[90m[SPDM-EMU] 0040: ee c2 0a 7b [0m
[90m[SPDM-EMU] export_master_secret (0x30) - c4 da 87 01 79 12 43 01 27 9c 04 d6 2a 3c 6f 72 b1 a4 52 6b 18 a3 44 0d 1e b3 f9 33 1a 59 46 68 e6 32 95 0f d1 d3 ae 9a 3b 3e fe e3 8e 06 05 57 [0m
[90m[SPDM-EMU] bin_str5 (0xd):[0m
[90m[SPDM-EMU] 0000: 20 00 73 70 64 6d 31 2e 32 20 6b 65 79 [0m
[90m[SPDM-EMU] key (0x20) - 9c ec 70 ac 7c 3d 66 aa 6e a4 26 b3 24 4d 5a bb 32 a0 f6 35 4a 89 73 ef 72 be 6b fb 42 d8 15 e9 [0m
[90m[SPDM-EMU] bin_str6 (0xc):[0m
[90m[SPDM-EMU] 0000: 0c 00 73 70 64 6d 31 2e 32 20 69 76 [0m
[90m[SPDM-EMU] iv (0xc) - 57 e1 60 c3 e2 b6 9e 80 20 d2 7e 1f [0m
[90m[SPDM-EMU] bin_str5 (0xd):[0m
[90m[SPDM-EMU] 0000: 20 00 73 70 64 6d 31 2e 32 20 6b 65 79 [0m
[90m[SPDM-EMU] key (0x20) - 89 14 27 dc 47 36 1a af 9d ab b0 2e 0e 10 e9 64 f4 41 c1 82 7b 4d 36 08 cb e0 3b 46 1d 09 c9 85 [0m
[90m[SPDM-EMU] bin_str6 (0xc):[0m
[90m[SPDM-EMU] 0000: 0c 00 73 70 64 6d 31 2e 32 20 69 76 [0m
[90m[SPDM-EMU] iv (0xc) - a5 a6 78 6f 30 07 ff a5 99 c9 71 70 [0m
[90m[SPDM-EMU] SpdmSendResponse[0]: msg SPDM_FINISH_RSP(0x65), size (0x34): [0m
[90m[SPDM-EMU] 0000: 12 65 00 00 61 8a a5 3f 21 20 65 4a 7a aa 76 97 c0 68 31 eb c2 92 80 d8 fc 35 0c c4 c5 45 97 a3 [0m
[90m[SPDM-EMU] 0020: 29 6e f9 0b 3f 47 1c 3a 62 bd 95 e2 1f b4 e6 b0 e3 77 25 ad [0m
[90m[SPDM-EMU] Platform port Transmit command: 00 00 00 01 [0m
[90m[SPDM-EMU] Platform port Transmit transport_type: 00 00 00 02 [0m
[RUST]   decoded SPDM message size=248
[RUST]   rsp_session_id=0xffff
[RUST]   final session_id=0xffffffff
[RUST]   extracted responder_random and dhe_pubkey
[RUST]   opaque_length=12
[RUST]   actual SPDM message size: 246 (decoded=248, expected_with_hmac=294, expected_no_hmac=246)
[RUST]   shared_secret len=48 first8=7e90aa3f
[RUST]   saved KEY_EXCHANGE response: len=246 (actual SPDM size)
[RUST]   handshake_secret computed len=48 first8=5af1cbd4
[RUST]   stored handshake_secret
[RUST]   TH1 transcript sizes: msg_a=158 cert_hash=48 ke_req=154 ke_rsp=246
[RUST]   message_a first4=10840000
[RUST]   cert_chain_hash first4=dc024e78
[RUST]   ke_req first4=12e40000
[RUST]   ke_rsp first4=12640000
[RUST]   TH1 transcript: msg_a=158 + cert_hash=48 + ke_req=154 + ke_rsp(no_sig=150) + sig=96
[RUST]   TH1 computed first8=2b3edee2
[RUST]   computed TH1: len=48
[RUST]   bin_str1 len=69
[RUST]   request_handshake_secret first8=bfb156a9
[RUST]   stored request_handshake_secret
[RUST]   stored request_finished_key
[RUST]   stored request_handshake_encryption_key
[RUST]   stored request_handshake_salt
[RUST]   stored response_handshake_secret
[RUST]   stored response_finished_key
[RUST]   stored response_handshake_encryption_key
[RUST]   stored response_handshake_salt
[RUST]   stored responder HMAC (verify_data)
[RUST]   session_state -> HANDSHAKING
[RUST]   key_exchange SUCCESS: session_id=0xffffffff
[RUST]   KEY_EXCHANGE success: session=0xffffffff
[RUST] finish(context=0xdc422e0, session=0xffffffff, slot=0, attr=0)
[RUST] call_acquire_sender(func=0xd07fccc0)
[RUST]   acquire_sender ret=0, buf=0xdc382e0
[RUST]   appended message_a: len=158
[RUST]   appended cert_chain_hash: len=48
[RUST]   skipped responder HMAC: handshake_in_clear=1
[RUST]   transcript_data total: msg_a=158 + cert_hash=48 + ke_req=154 + ke_rsp=246 + hmac=0 + finish_hdr=4
[RUST]   computed TH_curr hash OK
[RUST]   loaded request_finished_key
[RUST]   computed verify_data: len=48
[RUST]   saved FINISH request: len=52
[RUST]   sending FINISH: size=52 (header=4 + hmac=48)
[RUST] call_send(func=0xd07fd490, buf=0xdc382e0, size=52)
[C_DEBUG] SEND_YIELD: flags=0x4 RSP_CACHE=0 REQ_SEND=1 protocol=0 is_sspdm=0
[RUST]   send ret=0, context=0xdc422e0
[RUST] call_release_sender(func=0xd07fcce0, buf=0xdc382e0)
[RUST] call_acquire_receiver(func=0xd07fdcd0)
[RUST-ACQ-RECV] func=0x5795d07fdcd0 context=0x57960dc422e0
[RUST-ACQ-RECV] ret=0 buf=0x57960dc382e0
[RUST]   acquire_receiver ret=0, buf=0xdc382e0
[RUST] call_recv(func=0xd07fd5d0)
[C_RECV] ENTRY: resp_len=52 status=1 response=0x57960dc382e0 send_recv_buf=0x57960dc382e0
[C_RECV] BEFORE_SERVICE_CALL: buf_offset=0 resp_addr=0x5666aaa17000 resp_len_align=56
[C_RECV] AFTER_SERVICE_CALL: rc=0
[RUST] recv ret=0, size=52
[RUST]   recv size=52
[RUST]   saved FINISH response: len=52
[RUST]   deriving application_secret keys...
[RUST]   salt1 first bytes: 6c2be8aa
[RUST]   master_secret first bytes: 4c82e415
[RUST]   TH1 base: msg_a=158 cert=48 ke_req=154 ke_rsp(no_sig)=150 sig=96
[RUST]   skipped responder HMAC for TH2: handshake_in_clear=1
[RUST]   appended FINISH req header: 4 bytes
[RUST]   appended FINISH req HMAC: 48 bytes
[RUST]   appended FINISH rsp: 52 bytes (handshake_in_clear=1)
[RUST]   TH2 transcript total: 710 bytes
[RUST]   TH2 hash first bytes: eab82957
[RUST]   request_data_secret first bytes: 8ebc02f6
[RUST]   stored request_data_encryption_key
[RUST]   stored request_data_salt
[RUST-BIN-STR4] len=70 first22=30007370646d312e3220727370206170702064617461
[RUST-KEY] response_data_secret first8=34407146d3faabbf
[RUST]   derived response_data_secret
[RUST-KEY] response_data_enc_key first8=891427dc47361aaf
quest data: len=156 bytes
0000: 12 e4 00 00 ff ff 00 00 8c ad 06 9b f6 56 91 cd 
0010: b9 0c 7d e5 02 5a f7 07 ad 0c 1f 0c b0 ac 0b 46 
0020: f4 36 83 2b 31 51 f3 05 a1 e2 bd 63 69 d1 a4 81 
0030: ba 61 80 90 d0 8e 74 78 2a b0 82 34 47 1e 5b ac 
0040: 86 7c 67 0c ca af 55 c3 2a 5b 97 a0 65 2b 51 4b 
0050: c0 4f ce 82 61 77 c5 d6 36 d1 04 a1 7b 59 a9 fe 
0060: 9b e2 c6 0c dc 6e 71 ce d0 01 8d d7 cd 93 1b ad 
0070: 72 b7 cc c4 46 39 01 22 c9 e3 41 65 c9 1a 50 3c 
0080: bd b1 dc 53 12 ea 96 53 10 00 01 00 00 00 00 00 
0090: 05 00 01 01 01 00 11 00 00 00 00 00 
[SPDM RX] DOE header: vendor_id=0x1, type=1, len=64
[SPDM RX] Response data: len=248 bytes
0000: 12 64 00 00 ff ff 00 00 de 34 95 41 b3 86 1c 9f 
0010: ab 51 a6 b1 a8 1c 57 8f ce 41 7f ad 60 7c 74 06 
0020: 9c 4b 69 18 97 f2 36 6b 58 5e 09 6a dc 33 d6 f6 
0030: 97 78 6b e6 1c 53 87 80 5c 32 c6 4a da 89 43 dd 
0040: c0 05 1f 1a bc 8e 72 a1 0b d5 19 a2 92 04 90 c9 
0050: 2b f0 3c c5 9d 81 bf 77 99 b6 e0 26 2f 2e 19 a2 
0060: d9 28 3a 32 9b 72 91 f9 8c 3a 48 22 4b bc 32 33 
0070: a8 b4 35 40 f6 8b 18 ab 43 c8 7f 1a 92 79 86 ef 
0080: d4 95 35 ca bc 9e 63 eb 0c 00 01 00 00 00 00 00 
0090: 04 00 01 00 00 11 4a 2e 1e ee 74 52 19 c7 2f 52 
00a0: 89 72 63 dd 13 7c 7a de 78 e6 58 b2 38 cc 5d ef 
00b0: 8d 7d 51 4f 09 43 50 3a 20 0d 8e b0 5c e3 32 9d 
00c0: 50 74 71 b1 a5 f6 c7 7b 46 d6 bc 77 9b b5 93 ca 
00d0: 35 49 34 f7 6f 6a e6 45 b5 36 a7 94 f5 3a d7 28 
00e0: 9f 56 2c 8c b7 f9 75 2f 38 d4 bc 48 32 25 78 2b 
00f0: 32 8e c8 dc 04 3d 00 00 
SMC_RMI_PDEV_GET_STATE            5666aaa13000 > RMI_SUCCESS 2
SMC_RMI_PDEV_COMMUNICATE          5666aaa13000 5666aaa15000 > RMI_SUCCESS
[SPDM TX] DOE header: vendor_id=0x1, type=1, len=15
[SPDM TX] Request data: len=52 bytes
0000: 12 e5 00 00 8a 35 87 1b 28 a8 99 18 be 1d 00 06 
0010: cc 15 91 04 05 e8 dd bf 6c 5a cc 62 c9 1a 0f d4 
0020: d5 60 fb 37 c8 45 42 a3 83 e1 2d e5 23 eb f8 49 
0030: 14 aa 74 89 
[SPDM RX] DOE header: vendor_id=0x1, type=1, len=15
[SPDM RX] Response data: len=52 bytes
0000: 12 65 00 00 61 8a a5 3f 21 20 65 4a 7a aa 76 97 
0010: c0 68 31 eb c2 92 80 d8 fc 35 0c c4 c5 45 97 a3 
0020: 29 6e f9 0b 3f 47 1c 3a 62 bd 95 e2 1f b4 e6 b0 
0030: e3 77 25 ad 
SMC_RMI_PDEV_GET_STATE            5666aaa13000 > RMI_SUCCESS 2
SMC_RMI_PDEV_COMMUNICATE          5666aaa13000 5666aaa15000 > RMI_SUCCESS
SMC_RMI_PDEV_GET_STATE            5666aaa13000 > RMI_SUCCESS 3
SMC_RMI_PDEV_GET_STATE            5666aaa13000 > RMI_SUCCESS 3
[STAGE 2 DONE] host_pdev_id = 256
[STAGE 3] host_realm_run_attest() - Attestation RSI tests
###########################
# Hello World from a Realm!
###########################
SMC_RSI_VERSION                   10000 > RSI_SUCCESS 10000 10001
RSI Version is 0x10000 : 0x10001
SMC_RSI_ATTEST_TOKEN_INIT         74439d6e ceeef5e 4bb8145 4095572a 32801807 5fdffaae 750d544e 34efae59 > RSI_SUCCESS 1000
Upper bound of attestation token size: 0x1000
SMC_RSI_ATTEST_TOKEN_CONTINUE     1000 0 100
Realm Token Attestation creation is pre-empted by interrupt.
SMC_RSI_ATTEST_TOKEN_CONTINUE     1000 0 100 > RSI_INCOMPLETE 100
Realm Token Attestation creation is pre-empted by interrupt.
SMC_RSI_ATTEST_TOKEN_CONTINUE     1000 100 100 > RSI_INCOMPLETE 100
Realm Token Attestation creation is pre-empted by interrupt.
SMC_RSI_ATTEST_TOKEN_CONTINUE     1000 200 100 > RSI_INCOMPLETE 100
Realm Token Attestation creation is pre-empted by interrupt.
SMC_RSI_ATTEST_TOKEN_CONTINUE     1000 300 100 > RSI_INCOMPLETE 100
Realm Token Attestation creation is pre-empted by interrupt.
SMC_RSI_ATTEST_TOKEN_CONTINUE     1000 400 100 > RSI_INCOMPLETE 100
Realm Token Attestation creation is pre-empted by interrupt.
SMC_RSI_ATTEST_TOKEN_CONTINUE     1000 500 100 > RSI_INCOMPLETE 100
Realm Token Attestation creation is pre-empted by interrupt.
SMC_RSI_ATTEST_TOKEN_CONTINUE     1000 600 100 > RSI_INCOMPLETE 100
Realm Token Attestation creation is pre-empted by interrupt.
SMC_RSI_ATTEST_TOKEN_CONTINUE     1000 700 100 > RSI_INCOMPLETE 100
Realm Token Attestation creation is pre-empted by interrupt.
SMC_RSI_ATTEST_TOKEN_CONTINUE     1000 800 100 > RSI_SUCCE[RUST]   stored response_data_encryption_key
[RUST]   stored response_data_salt
[RUST]   session_state -> ESTABLISHED
[RUST]   finish SUCCESS: session established
[RUST]   FINISH success: session established
[RUST]   start_session SUCCESS: session_id=0xffffffff
[EL0_APP] func_id=256 session_id=0xffffffff
[C_TDISP_LOCK] ENTRY: param_type=1 (expected=1)
[C_TDISP_LOCK] Calling dvsec_init...
dvsec_init: ecam_addr=0x5666ca9f5000, rp_id=0x0
dvsec_init: rp_ecam_addr=0x5666ca9f5000
dvsec_init: RP ECAM 0x5666ca9f5000, DVSEC offset 0x100
[C_TDISP_LOCK] dvsec_init SUCCESS, calling pci_tdisp_get_version...
dvsec_init: ecam_addr=0x5666ca9f5000, rp_id=0x0
dvsec_init: rp_ecam_addr=0x5666ca9f5000
dvsec_init: RP ECAM 0x5666ca9f5000, DVSEC offset 0x100
[RUST-TDISP] pci_tdisp_get_version ENTRY
[RUST-TDISP] pci_tdisp_send_receive_vdm type=0x81 req_size=28
[RUST-SEND] send_receive_data session=0xffffffff size=28
[RUST] send_receive_data(context=0xdc422e0, session=0xffffffff, is_app=0, req_size=28)
[RUST-SR-ENTRY] context=0x57960dc422e0 session=0x57960dc44730
[RUST] call_acquire_sender(func=0xd07fccc0)
[RUST]   acquire_sender ret=0, buf=0xdc382e0
[RUST] call_transport_encode(func=0xd07fde10, session=0xdc44730, spdm_size=28, buf_cap=4096)
[RUST]   calling transport_encode callback
[RUST]   BEFORE: encoded_size=4096, ptr_addr=0x753bf55319e0
[RUST-PRE-CALL] encoded_size=4096 ptr=0x753bf55319e0 buf=0x57960dc382e0
[RUST] get_secured_msg_ctx(context=0xdc422e0, session=0xffffffff)
[C-ENCODE-BEFORE] transport_message_size=4096 ptr=0x753bf55319e0 sec_msg=0x57960dc382e0
[RUST] encode_secured_msg(session=0xffffffff, req=1, msg_size=28, payload_len=46)
[RUST]   session_state=2 (HANDSHAKING=1, ESTABLISHED=2)
[RUST]   seq_num=0
[RUST]   ciphertext len=46 (enc=30 + tag=16)
[RUST]   SUCCESS: secured_message_size=52
[C-ENCODE-AFTER] status=0 sec_msg_size=52
[C-ENCODE-FINAL] *transport_message_size=52 ptr=0x753bf55319e0
[RUST-POST-CALL] ret=0 encoded_size=52 ptr=0x57960dc382e0
[RUST]   AFTER: ret=0, encoded_size=52, ptr=0xdc382e0
[RUST-ENCODE] ret=0 size=52
[RUST]   transport_encode success: transport_size=52
[RUST]   DOE alignment: 52 -> 52
[RUST] call_send(func=0xd07fd490, buf=0xdc382e0, size=52)
[C_DEBUG] SEND_YIELD: flags=0x4 RSP_CACHE=0 REQ_SEND=1 protocol=1 is_sspdm=1
[RUST]   send ret=0, context=0xdc422e0
[RUST]   send success (size=52)
[RUST] call_release_sender(func=0xd07fcce0, buf=0xdc382e0)
[RUST] call_acquire_receiver(func=0xd07fdcd0)
[RUST-ACQ-RECV] func=0x5795d07fdcd0 context=0x57960dc422e0
[RUST-ACQ-RECV] ret=0 buf=0x57960dc382e0
[RUST]   acquire_receiver ret=0, buf=0xdc382e0
[RUST-PRE-RECV] acquired buf=0x57960dc382e0
[RUST-PRE-RECV2] recv_buf_ptr=0x57960dc382e0 addr=0x753bf55319f0
[RUST] call_recv(func=0xd07fd5d0)
[C_RECV] ENTRY: resp_len=56 status=1 response=0x57960dc382e0 send_recv_buf=0x57960dc382e0
[C_RECV] BEFORE_SERVICE_CALL: buf_offset=0 resp_addr=0x5666aaa1f000 resp_len_align=56
[C_RECV] AFTER_SERVICE_CALL: rc=0
[RUST] recv ret=0, size=56
[RUST] recv returned: ret=0 size=56
[RUST] proceeding to transport_decode, size=56
[RUST-PRE-DECODE] calling call_transport_decode: recv_buf=0x57960dc382e0 recv_size=56
[RUST-DECODE-ENTRY] transport_msg=0x57960dc382e0 transport_size=56
[RUST-DECODE-FUNC] func_ptr=0x5795d07fda30
[RUST-DECODE-CALL] calling transport_decode callback
[RUST-DECODE-PRE-CALL] calling C callback now
[RUST] get_secured_msg_ctx(context=0xdc422e0, session=0xffffffff)
[RUST-DECODE-SEC] ENTRY: session=0xffffffff req=0 size=56
[RUST-DECODE-SEC] payload_len=48 cipher_size=32
[RUST-DECODE-SEC] session_state=2 seq_num=0
[RUST-DECODE-SEC] Using response_data keys
[RUST-DECODE-SEC] key first8=891427dc47361aaf salt first8=a5a6786f3007ffa5
[RUST-IV] salt=a5a6786f3007ffa599c97170 seq_num=0 iv=a5a6786f3007ffa599c97170
[RUST-AAD] session_id=0xffffffff len=48 aad=ffffffff3000
[RUST-DECODE-SEC] BEFORE AES-GCM: key_len=32 iv_len=12 aad_len=6 ct_len=50
[RUST-DECODE-SEC] ERROR: AES-GCM decryption failed
SS 5e
Realm executed successfully and exited due to FIQ.
[STAGE 3 DONE] Attestation completed
[STAGE 4] host_vdev_assign() - VDEV assignment to Realm
SMC_RMI_VDEV_CREATE               5666aa9f5000 5666aaa13000 5666aaa1c000 5666aaa20000 > RMI_SUCCESS
[STAGE 4 DONE] host_vdev_id = 0
[STAGE 5] host_realm_run_da() - Device Assignment RSI tests
Realm executed DA RSI successfully
[STAGE 5 DONE] Device Assignment completed
[STAGE 6] host_vdev_tdisp_start() - TDISP Lock and Start
SMC_RMI_VDEV_GET_STATE            5666aaa1c000 > RMI_SUCCESS 0
[TDISP] Transitioning VDEV from NEW to UNLOCKED...
SMC_RMI_VDEV_GET_STATE            5666aaa1c000 > RMI_SUCCESS 0
SMC_RMI_VDEV_COMMUNICATE          5666aa9f5000 5666aaa13000 5666aaa1c000 5666aaa1d000 > RMI_SUCCESS
SMC_RMI_VDEV_GET_STATE            5666aaa1c000 > RMI_SUCCESS 1
[TDISP] VDEV now UNLOCKED
[TDISP] Locking VDEV...
SMC_RMI_VDEV_LOCK                 5666aa9f5000 5666aaa13000 5666aaa1c000 > RMI_SUCCESS
SMC_RMI_VDEV_GET_STATE            5666aaa1c000 > RMI_SUCCESS 1
SMC_RMI_VDEV_COMMUNICATE          5666aa9f5000 5666aaa13000 5666aaa1c000 5666aaa1d000 > RMI_SUCCESS
[SPDM TX] DOE header: vendor_id=0x1, type=2, len=15
[SPDM TX] Request data: len=52 bytes
0000: ff ff ff ff 2e 00 61 37 1b 97 f4 34 9e 35 56 eb 
0010: 5e f1 64 9b 3f 33 4f ab 90 17 47 8a 61 8c 60 9f 
0020: d0 db 28 56 c6 bf d1 e0 ca 8c 5c 18 84 bf 8f aa 
0030: 37 c6 09 04 
[SPDM RX] DOE header: vendor_id=0x1, type=2, len=16
[SPDM RX] Response data: len=56 bytes
0000: ff ff ff ff 30 00 0b da dd 2f 6c fb 8b 7b 2e fa 
0010: 2d 52 f1 eb 63 b2 9d ea 3b 3d 4e 31 eb 45 a7 f0 
0020: cc cc ae a2 15 fd 0a df 0f 1c 86 38 a3 43 bf 50 
0030: 80 29 33 5a a6 87 00 00 
SMC_RMI_VDEV_GET_STATE            5666aaa1c000 > RMI_SUCCESS 1
ERROR: Failed to read 8 bytes at app_run_internal:274

============================================================
[STEP] Running RMM...
============================================================
[INFO] Using internal SPDM responder (embedded in RMM ELF)

[RUN] /home/lmm/code/tf-rmm/build/Release/rmm.elf
------------------------------------------------------------
------------------------------------------------------------
[DONE] RMM exited with code 1
[90m[SPDM-EMU] Platform port Transmit size: 00 00 00 3c [0m
[90m[SPDM-EMU] Platform port Transmit buffer:[0m
[90m[SPDM-EMU]     01 00 01 00 0f 00 00 00 12 65 00 00 61 8a a5 3f 21 20 65 4a 7a aa 76 97 c0 68 31 eb c2 92 80 d8 fc 35 0c c4 c5 45 97 a3 29 6e f9 0b 3f 47 1c 3a 62 bd 95 e2 1f b4 e6 b0 e3 77 25 ad [0m
[90m[SPDM-EMU] Platform port Receive command: 00 00 00 01 [0m
[90m[SPDM-EMU] Platform port Receive transport_type: 00 00 00 02 [0m
[90m[SPDM-EMU] Platform port Receive size: 00 00 00 3c [0m
[90m[SPDM-EMU] Platform port Receive buffer:[0m
[90m[SPDM-EMU]     01 00 02 00 0f 00 00 00 ff ff ff ff 2e 00 61 37 1b 97 f4 34 9e 35 56 eb 5e f1 64 9b 3f 33 4f ab 90 17 47 8a 61 8c 60 9f d0 db 28 56 c6 bf d1 e0 ca 8c 5c 18 84 bf 8f aa 37 c6 09 04 [0m
[90m[SPDM-EMU] SpdmReceiveRequest[.] ...[0m
[90m[SPDM-EMU] SpdmReceiveRequest[ffffffff] msg SPDM_VENDOR_DEFINED_REQUEST(0xfe), size (0x1c): [0m
[90m[SPDM-EMU] 0000: 12 fe 00 00 03 00 02 01 00 11 00 01 10 81 00 00 00 01 00 00 00 00 00 00 00 00 00 00 [0m
[90m[SPDM-EMU] SpdmSendResponse[ffffffff] ...[0m
[90m[SPDM-EMU] SpdmSendResponse[ffffffff]: msg SPDM_VENDOR_DEFINED_RESPONSE(0x7e), size (0x1e): [0m
[90m[SPDM-EMU] 0000: 12 7e 00 00 03 00 02 01 00 13 00 01 10 01 00 00 00 01 00 00 00 00 00 00 00 00 00 00 01 10 [0m
[90m[SPDM-EMU] Platform port Transmit command: 00 00 00 01 [0m
[90m[SPDM-EMU] Platform port Transmit transport_type: 00 00 00 02 [0m
[90m[SPDM-EMU] Platform port Transmit size: 00 00 00 40 [0m
[90m[SPDM-EMU] Platform port Transmit buffer:[0m
[90m[SPDM-EMU]     01 00 02 00 10 00 00 00 ff ff ff ff 30 00 0b da dd 2f 6c fb 8b 7b 2e fa 2d 52 f1 eb 63 b2 9d ea 3b 3d 4e 31 eb 45 a7 f0 cc cc ae a2 15 fd 0a df 0f 1c 86 38 a3 43 bf 50 80 29 33 5a a6 87 00 00 [0m
[90m[SPDM-EMU] receive_platform_data Error - 0[0m
[90m[SPDM-EMU] Server Critical Error - STOP[0m
[90m[SPDM-EMU] Server stopped[0m
